0 info it worked if it ends with ok
1 verbose cli [ '/usr/bin/nodejs', '/usr/bin/npm', 'install', 'mysqljs/mysql' ]
2 info using npm@3.5.2
3 info using node@v4.2.6
4 verbose config Skipping project config: /home/moulli/.npmrc. (matches userconfig)
5 silly loadCurrentTree Starting
6 silly install loadCurrentTree
7 silly install readLocalPackageData
8 silly fetchPackageMetaData mysqljs/mysql
9 silly fetchOtherPackageData mysqljs/mysql
10 silly cache add args [ 'mysqljs/mysql', null ]
11 verbose cache add spec mysqljs/mysql
12 silly cache add parsed spec Result {
12 silly cache add   raw: 'mysqljs/mysql',
12 silly cache add   scope: null,
12 silly cache add   name: null,
12 silly cache add   rawSpec: 'mysqljs/mysql',
12 silly cache add   spec: 'github:mysqljs/mysql',
12 silly cache add   type: 'hosted',
12 silly cache add   hosted:
12 silly cache add    { type: 'github',
12 silly cache add      ssh: 'git@github.com:mysqljs/mysql.git',
12 silly cache add      sshUrl: 'git+ssh://git@github.com/mysqljs/mysql.git',
12 silly cache add      httpsUrl: 'git+https://github.com/mysqljs/mysql.git',
12 silly cache add      gitUrl: 'git://github.com/mysqljs/mysql.git',
12 silly cache add      shortcut: 'github:mysqljs/mysql',
12 silly cache add      directUrl: 'https://raw.githubusercontent.com/mysqljs/mysql/master/package.json' } }
13 verbose addRemoteGit caching mysqljs/mysql
14 verbose addRemoteGit mysqljs/mysql is a repository hosted by github
15 silly tryGitProto attempting to clone git://github.com/mysqljs/mysql.git
16 silly tryClone cloning mysqljs/mysql via git://github.com/mysqljs/mysql.git
17 verbose tryClone git-github-com-mysqljs-mysql-git-6d64de05 not in flight; caching
18 verbose makeDirectory /home/moulli/.npm/_git-remotes creation not in flight; initializing
19 silly makeDirectory /home/moulli/.npm/_git-remotes uid: 1000 gid: 1000
20 info git [ 'clone',
20 info git   '--template=/home/moulli/.npm/_git-remotes/_templates',
20 info git   '--mirror',
20 info git   'git://github.com/mysqljs/mysql.git',
20 info git   '/home/moulli/.npm/_git-remotes/git-github-com-mysqljs-mysql-git-6d64de05' ]
21 verbose mirrorRemote mysqljs/mysql git clone git://github.com/mysqljs/mysql.git
22 verbose setPermissions mysqljs/mysql set permissions on /home/moulli/.npm/_git-remotes/git-github-com-mysqljs-mysql-git-6d64de05
23 verbose resolveHead mysqljs/mysql original treeish: master
24 info git [ 'rev-list', '-n1', 'master' ]
25 silly resolveHead mysqljs/mysql resolved treeish: 36d0a7e30ba1b49bc3b44ef567ce5f2193fa4c23
26 verbose resolveHead mysqljs/mysql resolved Git URL: git://github.com/mysqljs/mysql.git#36d0a7e30ba1b49bc3b44ef567ce5f2193fa4c23
27 silly resolveHead Git working directory: /tmp/npm-9164-ffe0d2c8/git-cache-3f1ca4a6/36d0a7e30ba1b49bc3b44ef567ce5f2193fa4c23
28 info git [ 'clone',
28 info git   '/home/moulli/.npm/_git-remotes/git-github-com-mysqljs-mysql-git-6d64de05',
28 info git   '/tmp/npm-9164-ffe0d2c8/git-cache-3f1ca4a6/36d0a7e30ba1b49bc3b44ef567ce5f2193fa4c23' ]
29 verbose cloneResolved mysqljs/mysql clone Cloning into '/tmp/npm-9164-ffe0d2c8/git-cache-3f1ca4a6/36d0a7e30ba1b49bc3b44ef567ce5f2193fa4c23'...
29 verbose cloneResolved done.
30 info git [ 'checkout', '36d0a7e30ba1b49bc3b44ef567ce5f2193fa4c23' ]
31 verbose checkoutTreeish mysqljs/mysql checkout Note: checking out '36d0a7e30ba1b49bc3b44ef567ce5f2193fa4c23'.
31 verbose checkoutTreeish
31 verbose checkoutTreeish You are in 'detached HEAD' state. You can look around, make experimental
31 verbose checkoutTreeish changes and commit them, and you can discard any commits you make in this
31 verbose checkoutTreeish state without impacting any branches by performing another checkout.
31 verbose checkoutTreeish
31 verbose checkoutTreeish If you want to create a new branch to retain commits you create, you may
31 verbose checkoutTreeish do so (now or later) by using -b with the checkout command again. Example:
31 verbose checkoutTreeish
31 verbose checkoutTreeish   git checkout -b <new-branch-name>
31 verbose checkoutTreeish
31 verbose checkoutTreeish HEAD is now at 36d0a7e... tests: remove use of geometry functions
32 verbose addLocalDirectory /home/moulli/.npm/mysql/2.13.0/package.tgz not in flight; packing
33 verbose tar pack [ '/home/moulli/.npm/mysql/2.13.0/package.tgz',
33 verbose tar pack   '/tmp/npm-9164-ffe0d2c8/git-cache-3f1ca4a6/36d0a7e30ba1b49bc3b44ef567ce5f2193fa4c23' ]
34 verbose tarball /home/moulli/.npm/mysql/2.13.0/package.tgz
35 verbose folder /tmp/npm-9164-ffe0d2c8/git-cache-3f1ca4a6/36d0a7e30ba1b49bc3b44ef567ce5f2193fa4c23
36 verbose addLocalTarball adding from inside cache /home/moulli/.npm/mysql/2.13.0/package.tgz
37 verbose addRemoteGit data._from: mysqljs/mysql
38 verbose addRemoteGit data._resolved: git://github.com/mysqljs/mysql.git#36d0a7e30ba1b49bc3b44ef567ce5f2193fa4c23
39 silly cache afterAdd mysql@2.13.0
40 verbose afterAdd /home/moulli/.npm/mysql/2.13.0/package/package.json not in flight; writing
41 verbose afterAdd /home/moulli/.npm/mysql/2.13.0/package/package.json written
42 silly install normalizeTree
43 silly loadCurrentTree Finishing
44 silly loadIdealTree Starting
45 silly install loadIdealTree
46 silly cloneCurrentTree Starting
47 silly install cloneCurrentTreeToIdealTree
48 silly cloneCurrentTree Finishing
49 silly loadShrinkwrap Starting
50 silly install loadShrinkwrap
51 silly loadShrinkwrap Finishing
52 silly loadAllDepsIntoIdealTree Starting
53 silly install loadAllDepsIntoIdealTree
54 silly resolveWithNewModule mysql@2.13.0 checking installable status
55 silly fetchNamedPackageData readable-stream
56 silly mapToRegistry name readable-stream
57 silly mapToRegistry using default registry
58 silly mapToRegistry registry https://registry.npmjs.org/
59 silly mapToRegistry uri https://registry.npmjs.org/readable-stream
60 verbose request uri https://registry.npmjs.org/readable-stream
61 verbose request no auth needed
62 info attempt registry request try #1 at 4:44:49 PM
63 verbose request id 9a661c2a536b8634
64 verbose etag W/"58ac5182-12ea8"
65 verbose lastModified Tue, 21 Feb 2017 14:41:06 GMT
66 http request GET https://registry.npmjs.org/readable-stream
67 http 304 https://registry.npmjs.org/readable-stream
68 verbose headers { date: 'Fri, 03 Mar 2017 11:14:51 GMT',
68 verbose headers   via: '1.1 varnish',
68 verbose headers   'cache-control': 'max-age=300',
68 verbose headers   etag: 'W/"58ac5182-12ea8"',
68 verbose headers   age: '235',
68 verbose headers   connection: 'keep-alive',
68 verbose headers   'x-served-by': 'cache-cdg8733-CDG',
68 verbose headers   'x-cache': 'HIT',
68 verbose headers   'x-cache-hits': '19',
68 verbose headers   'x-timer': 'S1488539691.129706,VS0,VE0',
68 verbose headers   vary: 'Accept-Encoding' }
69 silly get cb [ 304,
69 silly get   { date: 'Fri, 03 Mar 2017 11:14:51 GMT',
69 silly get     via: '1.1 varnish',
69 silly get     'cache-control': 'max-age=300',
69 silly get     etag: 'W/"58ac5182-12ea8"',
69 silly get     age: '235',
69 silly get     connection: 'keep-alive',
69 silly get     'x-served-by': 'cache-cdg8733-CDG',
69 silly get     'x-cache': 'HIT',
69 silly get     'x-cache-hits': '19',
69 silly get     'x-timer': 'S1488539691.129706,VS0,VE0',
69 silly get     vary: 'Accept-Encoding' } ]
70 verbose etag https://registry.npmjs.org/readable-stream from cache
71 verbose get saving readable-stream to /home/moulli/.npm/registry.npmjs.org/readable-stream/.cache.json
72 silly resolveWithNewModule readable-stream@1.1.14 checking installable status
73 silly cache add args [ 'readable-stream@1.1.14', null ]
74 verbose cache add spec readable-stream@1.1.14
75 silly cache add parsed spec Result {
75 silly cache add   raw: 'readable-stream@1.1.14',
75 silly cache add   scope: null,
75 silly cache add   name: 'readable-stream',
75 silly cache add   rawSpec: '1.1.14',
75 silly cache add   spec: '1.1.14',
75 silly cache add   type: 'version' }
76 silly addNamed readable-stream@1.1.14
77 verbose addNamed "1.1.14" is a plain semver version for readable-stream
78 silly mapToRegistry name readable-stream
79 silly mapToRegistry using default registry
80 silly mapToRegistry registry https://registry.npmjs.org/
81 silly mapToRegistry uri https://registry.npmjs.org/readable-stream
82 verbose addNameVersion registry:https://registry.npmjs.org/readable-stream not in flight; fetching
83 verbose get https://registry.npmjs.org/readable-stream not expired, no request
84 silly cache afterAdd readable-stream@1.1.14
85 verbose afterAdd /home/moulli/.npm/readable-stream/1.1.14/package/package.json not in flight; writing
86 verbose afterAdd /home/moulli/.npm/readable-stream/1.1.14/package/package.json written
87 silly fetchNamedPackageData isarray
88 silly mapToRegistry name isarray
89 silly mapToRegistry using default registry
90 silly mapToRegistry registry https://registry.npmjs.org/
91 silly mapToRegistry uri https://registry.npmjs.org/isarray
92 verbose request uri https://registry.npmjs.org/isarray
93 verbose request no auth needed
94 info attempt registry request try #1 at 4:44:51 PM
95 verbose etag W/"5818d2eb-226a"
96 verbose lastModified Tue, 01 Nov 2016 17:37:47 GMT
97 http request GET https://registry.npmjs.org/isarray
98 http 304 https://registry.npmjs.org/isarray
99 verbose headers { date: 'Fri, 03 Mar 2017 11:14:52 GMT',
99 verbose headers   via: '1.1 varnish',
99 verbose headers   'cache-control': 'max-age=300',
99 verbose headers   etag: 'W/"5818d2eb-226a"',
99 verbose headers   age: '223',
99 verbose headers   connection: 'keep-alive',
99 verbose headers   'x-served-by': 'cache-cdg8729-CDG',
99 verbose headers   'x-cache': 'HIT',
99 verbose headers   'x-cache-hits': '9',
99 verbose headers   'x-timer': 'S1488539692.612868,VS0,VE0',
99 verbose headers   vary: 'Accept-Encoding' }
100 silly get cb [ 304,
100 silly get   { date: 'Fri, 03 Mar 2017 11:14:52 GMT',
100 silly get     via: '1.1 varnish',
100 silly get     'cache-control': 'max-age=300',
100 silly get     etag: 'W/"5818d2eb-226a"',
100 silly get     age: '223',
100 silly get     connection: 'keep-alive',
100 silly get     'x-served-by': 'cache-cdg8729-CDG',
100 silly get     'x-cache': 'HIT',
100 silly get     'x-cache-hits': '9',
100 silly get     'x-timer': 'S1488539692.612868,VS0,VE0',
100 silly get     vary: 'Accept-Encoding' } ]
101 verbose etag https://registry.npmjs.org/isarray from cache
102 verbose get saving isarray to /home/moulli/.npm/registry.npmjs.org/isarray/.cache.json
103 silly resolveWithNewModule isarray@0.0.1 checking installable status
104 silly cache add args [ 'isarray@0.0.1', null ]
105 verbose cache add spec isarray@0.0.1
106 silly cache add parsed spec Result {
106 silly cache add   raw: 'isarray@0.0.1',
106 silly cache add   scope: null,
106 silly cache add   name: 'isarray',
106 silly cache add   rawSpec: '0.0.1',
106 silly cache add   spec: '0.0.1',
106 silly cache add   type: 'version' }
107 silly addNamed isarray@0.0.1
108 verbose addNamed "0.0.1" is a plain semver version for isarray
109 silly mapToRegistry name isarray
110 silly mapToRegistry using default registry
111 silly mapToRegistry registry https://registry.npmjs.org/
112 silly mapToRegistry uri https://registry.npmjs.org/isarray
113 verbose addNameVersion registry:https://registry.npmjs.org/isarray not in flight; fetching
114 verbose get https://registry.npmjs.org/isarray not expired, no request
115 silly cache afterAdd isarray@0.0.1
116 verbose afterAdd /home/moulli/.npm/isarray/0.0.1/package/package.json not in flight; writing
117 verbose afterAdd /home/moulli/.npm/isarray/0.0.1/package/package.json written
118 silly loadAllDepsIntoIdealTree Finishing
119 silly idealTree:prePrune moulli
119 silly idealTree:prePrune +-- accepts@1.3.3
119 silly idealTree:prePrune +-- amp-message@0.1.2
119 silly idealTree:prePrune +-- amp@0.3.1
119 silly idealTree:prePrune +-- ansi-regex@2.1.1
119 silly idealTree:prePrune +-- ansi-styles@2.2.1
119 silly idealTree:prePrune +-- anymatch@1.3.0
119 silly idealTree:prePrune +-- argparse@1.0.9
119 silly idealTree:prePrune +-- arr-diff@2.0.0
119 silly idealTree:prePrune +-- arr-flatten@1.0.1
119 silly idealTree:prePrune +-- array-flatten@1.1.1
119 silly idealTree:prePrune +-- array-unique@0.2.1
119 silly idealTree:prePrune +-- arrify@1.0.1
119 silly idealTree:prePrune +-- asn1@0.2.3
119 silly idealTree:prePrune +-- assert-plus@0.2.0
119 silly idealTree:prePrune +-- async-each@1.0.1
119 silly idealTree:prePrune +-- async-listener@0.6.3
119 silly idealTree:prePrune | `-- shimmer@1.0.0
119 silly idealTree:prePrune +-- async@1.5.2
119 silly idealTree:prePrune +-- asynckit@0.4.0
119 silly idealTree:prePrune +-- aws-sign2@0.6.0
119 silly idealTree:prePrune +-- aws4@1.6.0
119 silly idealTree:prePrune +-- balanced-match@0.4.2
119 silly idealTree:prePrune +-- bcrypt-pbkdf@1.0.1
119 silly idealTree:prePrune +-- bignumber.js@3.1.2
119 silly idealTree:prePrune +-- binary-extensions@1.8.0
119 silly idealTree:prePrune +-- bindings@1.0.0
119 silly idealTree:prePrune +-- blessed@0.1.81
119 silly idealTree:prePrune +-- bluebird@3.4.7
119 silly idealTree:prePrune +-- boom@2.10.1
119 silly idealTree:prePrune +-- brace-expansion@1.1.6
119 silly idealTree:prePrune +-- braces@1.8.5
119 silly idealTree:prePrune +-- buffer-shims@1.0.0
119 silly idealTree:prePrune +-- bytes@2.4.0
119 silly idealTree:prePrune +-- caseless@0.11.0
119 silly idealTree:prePrune +-- chalk@1.1.3
119 silly idealTree:prePrune +-- chokidar@1.6.1
119 silly idealTree:prePrune +-- cli-table@0.3.1
119 silly idealTree:prePrune +-- colors@1.0.3
119 silly idealTree:prePrune +-- combined-stream@1.0.5
119 silly idealTree:prePrune +-- commander@2.9.0
119 silly idealTree:prePrune +-- concat-map@0.0.1
119 silly idealTree:prePrune +-- content-disposition@0.5.2
119 silly idealTree:prePrune +-- content-type@1.0.2
119 silly idealTree:prePrune +-- continuation-local-storage@3.2.0
119 silly idealTree:prePrune +-- cookie-signature@1.0.6
119 silly idealTree:prePrune +-- cookie@0.3.1
119 silly idealTree:prePrune +-- core-util-is@1.0.2
119 silly idealTree:prePrune +-- cron@1.2.1
119 silly idealTree:prePrune +-- cryptiles@2.0.5
119 silly idealTree:prePrune +-- dashdash@1.14.1
119 silly idealTree:prePrune | `-- assert-plus@1.0.0
119 silly idealTree:prePrune +-- debug@2.6.1
119 silly idealTree:prePrune +-- deep-extend@0.4.1
119 silly idealTree:prePrune +-- delayed-stream@1.0.0
119 silly idealTree:prePrune +-- depd@1.1.0
119 silly idealTree:prePrune +-- destroy@1.0.4
119 silly idealTree:prePrune +-- double-ended-queue@2.1.0-0
119 silly idealTree:prePrune +-- ecc-jsbn@0.1.1
119 silly idealTree:prePrune +-- ee-first@1.1.1
119 silly idealTree:prePrune +-- emitter-listener@1.0.1
119 silly idealTree:prePrune | `-- shimmer@1.0.0
119 silly idealTree:prePrune +-- encodeurl@1.0.1
119 silly idealTree:prePrune +-- escape-html@1.0.3
119 silly idealTree:prePrune +-- escape-regexp@0.0.1
119 silly idealTree:prePrune +-- escape-string-regexp@1.0.5
119 silly idealTree:prePrune +-- etag@1.7.0
119 silly idealTree:prePrune +-- eventemitter2@1.0.5
119 silly idealTree:prePrune +-- expand-brackets@0.1.5
119 silly idealTree:prePrune +-- expand-range@1.8.2
119 silly idealTree:prePrune +-- extend@3.0.0
119 silly idealTree:prePrune +-- extglob@0.3.2
119 silly idealTree:prePrune +-- extsprintf@1.0.2
119 silly idealTree:prePrune +-- fclone@1.0.10
119 silly idealTree:prePrune +-- fetch-tweets@0.1.7
119 silly idealTree:prePrune +-- filename-regex@2.0.0
119 silly idealTree:prePrune +-- fill-range@2.2.3
119 silly idealTree:prePrune +-- finalhandler@0.5.1
119 silly idealTree:prePrune | +-- debug@2.2.0
119 silly idealTree:prePrune | `-- ms@0.7.1
119 silly idealTree:prePrune +-- for-in@0.1.6
119 silly idealTree:prePrune +-- for-own@0.1.4
119 silly idealTree:prePrune +-- forever-agent@0.6.1
119 silly idealTree:prePrune +-- form-data@2.1.2
119 silly idealTree:prePrune +-- forwarded@0.1.0
119 silly idealTree:prePrune +-- fresh@0.3.0
119 silly idealTree:prePrune +-- fs.realpath@1.0.0
119 silly idealTree:prePrune +-- fsevents@1.1.0
119 silly idealTree:prePrune | +-- abbrev@1.1.0
119 silly idealTree:prePrune | +-- ansi-regex@2.1.1
119 silly idealTree:prePrune | +-- ansi-styles@2.2.1
119 silly idealTree:prePrune | +-- aproba@1.1.1
119 silly idealTree:prePrune | +-- are-we-there-yet@1.1.2
119 silly idealTree:prePrune | +-- asn1@0.2.3
119 silly idealTree:prePrune | +-- assert-plus@0.2.0
119 silly idealTree:prePrune | +-- asynckit@0.4.0
119 silly idealTree:prePrune | +-- aws-sign2@0.6.0
119 silly idealTree:prePrune | +-- aws4@1.6.0
119 silly idealTree:prePrune | +-- balanced-match@0.4.2
119 silly idealTree:prePrune | +-- bcrypt-pbkdf@1.0.1
119 silly idealTree:prePrune | +-- block-stream@0.0.9
119 silly idealTree:prePrune | +-- boom@2.10.1
119 silly idealTree:prePrune | +-- brace-expansion@1.1.6
119 silly idealTree:prePrune | +-- buffer-shims@1.0.0
119 silly idealTree:prePrune | +-- caseless@0.11.0
119 silly idealTree:prePrune | +-- chalk@1.1.3
119 silly idealTree:prePrune | +-- code-point-at@1.1.0
119 silly idealTree:prePrune | +-- combined-stream@1.0.5
119 silly idealTree:prePrune | +-- commander@2.9.0
119 silly idealTree:prePrune | +-- concat-map@0.0.1
119 silly idealTree:prePrune | +-- console-control-strings@1.1.0
119 silly idealTree:prePrune | +-- core-util-is@1.0.2
119 silly idealTree:prePrune | +-- cryptiles@2.0.5
119 silly idealTree:prePrune | +-- dashdash@1.14.1
119 silly idealTree:prePrune | | `-- assert-plus@1.0.0
119 silly idealTree:prePrune | +-- debug@2.2.0
119 silly idealTree:prePrune | +-- deep-extend@0.4.1
119 silly idealTree:prePrune | +-- delayed-stream@1.0.0
119 silly idealTree:prePrune | +-- delegates@1.0.0
119 silly idealTree:prePrune | +-- ecc-jsbn@0.1.1
119 silly idealTree:prePrune | +-- escape-string-regexp@1.0.5
119 silly idealTree:prePrune | +-- extend@3.0.0
119 silly idealTree:prePrune | +-- extsprintf@1.0.2
119 silly idealTree:prePrune | +-- forever-agent@0.6.1
119 silly idealTree:prePrune | +-- form-data@2.1.2
119 silly idealTree:prePrune | +-- fs.realpath@1.0.0
119 silly idealTree:prePrune | +-- fstream-ignore@1.0.5
119 silly idealTree:prePrune | +-- fstream@1.0.10
119 silly idealTree:prePrune | +-- gauge@2.7.3
119 silly idealTree:prePrune | +-- generate-function@2.0.0
119 silly idealTree:prePrune | +-- generate-object-property@1.2.0
119 silly idealTree:prePrune | +-- getpass@0.1.6
119 silly idealTree:prePrune | | `-- assert-plus@1.0.0
119 silly idealTree:prePrune | +-- glob@7.1.1
119 silly idealTree:prePrune | +-- graceful-fs@4.1.11
119 silly idealTree:prePrune | +-- graceful-readlink@1.0.1
119 silly idealTree:prePrune | +-- har-validator@2.0.6
119 silly idealTree:prePrune | +-- has-ansi@2.0.0
119 silly idealTree:prePrune | +-- has-unicode@2.0.1
119 silly idealTree:prePrune | +-- hawk@3.1.3
119 silly idealTree:prePrune | +-- hoek@2.16.3
119 silly idealTree:prePrune | +-- http-signature@1.1.1
119 silly idealTree:prePrune | +-- inflight@1.0.6
119 silly idealTree:prePrune | +-- inherits@2.0.3
119 silly idealTree:prePrune | +-- ini@1.3.4
119 silly idealTree:prePrune | +-- is-fullwidth-code-point@1.0.0
119 silly idealTree:prePrune | +-- is-my-json-valid@2.15.0
119 silly idealTree:prePrune | +-- is-property@1.0.2
119 silly idealTree:prePrune | +-- is-typedarray@1.0.0
119 silly idealTree:prePrune | +-- isarray@1.0.0
119 silly idealTree:prePrune | +-- isstream@0.1.2
119 silly idealTree:prePrune | +-- jodid25519@1.0.2
119 silly idealTree:prePrune | +-- jsbn@0.1.1
119 silly idealTree:prePrune | +-- json-schema@0.2.3
119 silly idealTree:prePrune | +-- json-stringify-safe@5.0.1
119 silly idealTree:prePrune | +-- jsonpointer@4.0.1
119 silly idealTree:prePrune | +-- jsprim@1.3.1
119 silly idealTree:prePrune | +-- mime-db@1.26.0
119 silly idealTree:prePrune | +-- mime-types@2.1.14
119 silly idealTree:prePrune | +-- minimatch@3.0.3
119 silly idealTree:prePrune | +-- minimist@0.0.8
119 silly idealTree:prePrune | +-- mkdirp@0.5.1
119 silly idealTree:prePrune | +-- ms@0.7.1
119 silly idealTree:prePrune | +-- node-pre-gyp@0.6.33
119 silly idealTree:prePrune | +-- nopt@3.0.6
119 silly idealTree:prePrune | +-- npmlog@4.0.2
119 silly idealTree:prePrune | +-- number-is-nan@1.0.1
119 silly idealTree:prePrune | +-- oauth-sign@0.8.2
119 silly idealTree:prePrune | +-- object-assign@4.1.1
119 silly idealTree:prePrune | +-- once@1.4.0
119 silly idealTree:prePrune | +-- path-is-absolute@1.0.1
119 silly idealTree:prePrune | +-- pinkie-promise@2.0.1
119 silly idealTree:prePrune | +-- pinkie@2.0.4
119 silly idealTree:prePrune | +-- process-nextick-args@1.0.7
119 silly idealTree:prePrune | +-- punycode@1.4.1
119 silly idealTree:prePrune | +-- qs@6.3.1
119 silly idealTree:prePrune | +-- rc@1.1.7
119 silly idealTree:prePrune | | `-- minimist@1.2.0
119 silly idealTree:prePrune | +-- readable-stream@2.2.2
119 silly idealTree:prePrune | +-- request@2.79.0
119 silly idealTree:prePrune | +-- rimraf@2.5.4
119 silly idealTree:prePrune | +-- semver@5.3.0
119 silly idealTree:prePrune | +-- set-blocking@2.0.0
119 silly idealTree:prePrune | +-- signal-exit@3.0.2
119 silly idealTree:prePrune | +-- sntp@1.0.9
119 silly idealTree:prePrune | +-- sshpk@1.10.2
119 silly idealTree:prePrune | | `-- assert-plus@1.0.0
119 silly idealTree:prePrune | +-- string_decoder@0.10.31
119 silly idealTree:prePrune | +-- string-width@1.0.2
119 silly idealTree:prePrune | +-- stringstream@0.0.5
119 silly idealTree:prePrune | +-- strip-ansi@3.0.1
119 silly idealTree:prePrune | +-- strip-json-comments@2.0.1
119 silly idealTree:prePrune | +-- supports-color@2.0.0
119 silly idealTree:prePrune | +-- tar-pack@3.3.0
119 silly idealTree:prePrune | | +-- once@1.3.3
119 silly idealTree:prePrune | | `-- readable-stream@2.1.5
119 silly idealTree:prePrune | +-- tar@2.2.1
119 silly idealTree:prePrune | +-- tough-cookie@2.3.2
119 silly idealTree:prePrune | +-- tunnel-agent@0.4.3
119 silly idealTree:prePrune | +-- tweetnacl@0.14.5
119 silly idealTree:prePrune | +-- uid-number@0.0.6
119 silly idealTree:prePrune | +-- util-deprecate@1.0.2
119 silly idealTree:prePrune | +-- uuid@3.0.1
119 silly idealTree:prePrune | +-- verror@1.3.6
119 silly idealTree:prePrune | +-- wide-align@1.1.0
119 silly idealTree:prePrune | +-- wrappy@1.0.2
119 silly idealTree:prePrune | `-- xtend@4.0.1
119 silly idealTree:prePrune +-- generate-function@2.0.0
119 silly idealTree:prePrune +-- generate-object-property@1.2.0
119 silly idealTree:prePrune +-- getpass@0.1.6
119 silly idealTree:prePrune | `-- assert-plus@1.0.0
119 silly idealTree:prePrune +-- gkt@1.0.0
119 silly idealTree:prePrune +-- glob-base@0.3.0
119 silly idealTree:prePrune +-- glob-parent@2.0.0
119 silly idealTree:prePrune +-- glob@7.1.1
119 silly idealTree:prePrune +-- graceful-fs@4.1.11
119 silly idealTree:prePrune +-- graceful-readlink@1.0.1
119 silly idealTree:prePrune +-- har-validator@2.0.6
119 silly idealTree:prePrune +-- has-ansi@2.0.0
119 silly idealTree:prePrune +-- hawk@3.1.3
119 silly idealTree:prePrune +-- hoek@2.16.3
119 silly idealTree:prePrune +-- http-errors@1.5.1
119 silly idealTree:prePrune +-- http-signature@1.1.1
119 silly idealTree:prePrune +-- httprequest@0.1.5
119 silly idealTree:prePrune +-- iconv-lite@0.4.15
119 silly idealTree:prePrune +-- inflight@1.0.6
119 silly idealTree:prePrune +-- inherits@2.0.3
119 silly idealTree:prePrune +-- interpret@1.0.1
119 silly idealTree:prePrune +-- ipaddr.js@1.2.0
119 silly idealTree:prePrune +-- is-binary-path@1.0.1
119 silly idealTree:prePrune +-- is-buffer@1.1.4
119 silly idealTree:prePrune +-- is-dotfile@1.0.2
119 silly idealTree:prePrune +-- is-equal-shallow@0.1.3
119 silly idealTree:prePrune +-- is-extendable@0.1.1
119 silly idealTree:prePrune +-- is-extglob@1.0.0
119 silly idealTree:prePrune +-- is-glob@2.0.1
119 silly idealTree:prePrune +-- is-my-json-valid@2.16.0
119 silly idealTree:prePrune +-- is-number@2.1.0
119 silly idealTree:prePrune +-- is-posix-bracket@0.1.1
119 silly idealTree:prePrune +-- is-primitive@2.0.0
119 silly idealTree:prePrune +-- is-property@1.0.2
119 silly idealTree:prePrune +-- is-typedarray@1.0.0
119 silly idealTree:prePrune +-- isarray@1.0.0
119 silly idealTree:prePrune +-- isobject@2.1.0
119 silly idealTree:prePrune +-- isstream@0.1.2
119 silly idealTree:prePrune +-- jodid25519@1.0.2
119 silly idealTree:prePrune +-- jsbn@0.1.1
119 silly idealTree:prePrune +-- json-schema@0.2.3
119 silly idealTree:prePrune +-- json-stringify-safe@5.0.1
119 silly idealTree:prePrune +-- jsonpointer@4.0.1
119 silly idealTree:prePrune +-- jsprim@1.3.1
119 silly idealTree:prePrune +-- kind-of@3.1.0
119 silly idealTree:prePrune +-- lazy@1.0.11
119 silly idealTree:prePrune +-- lodash.findindex@4.6.0
119 silly idealTree:prePrune +-- lodash.isequal@4.5.0
119 silly idealTree:prePrune +-- media-typer@0.3.0
119 silly idealTree:prePrune +-- merge-descriptors@1.0.1
119 silly idealTree:prePrune +-- methods@1.1.2
119 silly idealTree:prePrune +-- micromatch@2.3.11
119 silly idealTree:prePrune +-- mime-db@1.26.0
119 silly idealTree:prePrune +-- mime-types@2.1.14
119 silly idealTree:prePrune +-- mime@1.3.4
119 silly idealTree:prePrune +-- minimatch@3.0.3
119 silly idealTree:prePrune +-- minimist@0.0.8
119 silly idealTree:prePrune +-- mkdirp@0.5.1
119 silly idealTree:prePrune +-- moment-timezone@0.5.11
119 silly idealTree:prePrune +-- moment@2.17.1
119 silly idealTree:prePrune +-- ms@0.7.2
119 silly idealTree:prePrune +-- mysql@2.13.0
119 silly idealTree:prePrune | +-- isarray@0.0.1
119 silly idealTree:prePrune | `-- readable-stream@1.1.14
119 silly idealTree:prePrune +-- nan@2.5.1
119 silly idealTree:prePrune +-- negotiator@0.6.1
119 silly idealTree:prePrune +-- node-ffi@0.5.7
119 silly idealTree:prePrune +-- normalize-path@2.0.1
119 silly idealTree:prePrune +-- nssocket@0.6.0
119 silly idealTree:prePrune | `-- eventemitter2@0.4.14
119 silly idealTree:prePrune +-- oauth-sign@0.8.2
119 silly idealTree:prePrune +-- object.omit@2.0.1
119 silly idealTree:prePrune +-- on-finished@2.3.0
119 silly idealTree:prePrune +-- once@1.4.0
119 silly idealTree:prePrune +-- parse-glob@3.0.4
119 silly idealTree:prePrune +-- parseurl@1.3.1
119 silly idealTree:prePrune +-- path-is-absolute@1.0.1
119 silly idealTree:prePrune +-- path-to-regexp@1.7.0
119 silly idealTree:prePrune | `-- isarray@0.0.1
119 silly idealTree:prePrune +-- pidusage@1.1.1
119 silly idealTree:prePrune +-- pinkie-promise@2.0.1
119 silly idealTree:prePrune +-- pinkie@2.0.4
119 silly idealTree:prePrune +-- pm2-axon-rpc@0.4.5
119 silly idealTree:prePrune | `-- fclone@1.0.8
119 silly idealTree:prePrune +-- pm2-axon@3.0.2
119 silly idealTree:prePrune | +-- debug@2.2.0
119 silly idealTree:prePrune | `-- ms@0.7.1
119 silly idealTree:prePrune +-- pm2-deploy@0.3.5
119 silly idealTree:prePrune +-- pm2@2.4.0
119 silly idealTree:prePrune +-- pmx@1.0.1
119 silly idealTree:prePrune +-- preserve@0.2.0
119 silly idealTree:prePrune +-- process-nextick-args@1.0.7
119 silly idealTree:prePrune +-- proxy-addr@1.1.3
119 silly idealTree:prePrune +-- punycode@1.4.1
119 silly idealTree:prePrune +-- qs@6.2.0
119 silly idealTree:prePrune +-- randomatic@1.1.6
119 silly idealTree:prePrune +-- range-parser@1.2.0
119 silly idealTree:prePrune +-- raw-body@2.2.0
119 silly idealTree:prePrune +-- readable-stream@2.2.2
119 silly idealTree:prePrune +-- readdirp@2.1.0
119 silly idealTree:prePrune +-- rechoir@0.6.2
119 silly idealTree:prePrune +-- redis-commands@1.3.1
119 silly idealTree:prePrune +-- redis-parser@2.4.0
119 silly idealTree:prePrune +-- regex-cache@0.4.3
119 silly idealTree:prePrune +-- repeat-element@1.1.2
119 silly idealTree:prePrune +-- repeat-string@1.6.1
119 silly idealTree:prePrune +-- request@2.79.0
119 silly idealTree:prePrune | +-- qs@6.3.1
119 silly idealTree:prePrune | `-- uuid@3.0.1
119 silly idealTree:prePrune +-- resolve@1.2.0
119 silly idealTree:prePrune +-- semver@5.3.0
119 silly idealTree:prePrune +-- send@0.14.2
119 silly idealTree:prePrune | `-- debug@2.2.0
119 silly idealTree:prePrune |   `-- ms@0.7.1
119 silly idealTree:prePrune +-- serve-static@1.11.2
119 silly idealTree:prePrune +-- set-immediate-shim@1.0.1
119 silly idealTree:prePrune +-- setprototypeof@1.0.2
119 silly idealTree:prePrune +-- shelljs@0.7.5
119 silly idealTree:prePrune +-- shimmer@1.1.0
119 silly idealTree:prePrune +-- sntp@1.0.9
119 silly idealTree:prePrune +-- source-map-support@0.4.11
119 silly idealTree:prePrune +-- source-map@0.5.6
119 silly idealTree:prePrune +-- sprintf-js@1.0.3
119 silly idealTree:prePrune +-- sqlstring@2.2.0
119 silly idealTree:prePrune +-- sshpk@1.11.0
119 silly idealTree:prePrune | `-- assert-plus@1.0.0
119 silly idealTree:prePrune +-- statuses@1.3.1
119 silly idealTree:prePrune +-- string_decoder@0.10.31
119 silly idealTree:prePrune +-- stringstream@0.0.5
119 silly idealTree:prePrune +-- strip-ansi@3.0.1
119 silly idealTree:prePrune +-- supports-color@2.0.0
119 silly idealTree:prePrune +-- tough-cookie@2.3.2
119 silly idealTree:prePrune +-- tunnel-agent@0.4.3
119 silly idealTree:prePrune +-- tv4@1.2.7
119 silly idealTree:prePrune +-- tweetnacl@0.14.5
119 silly idealTree:prePrune +-- twit@2.2.5
119 silly idealTree:prePrune +-- twitter@1.7.0
119 silly idealTree:prePrune +-- type-is@1.6.14
119 silly idealTree:prePrune +-- unpipe@1.0.0
119 silly idealTree:prePrune +-- util-deprecate@1.0.2
119 silly idealTree:prePrune +-- utils-merge@1.0.0
119 silly idealTree:prePrune +-- uuid@2.0.3
119 silly idealTree:prePrune +-- vary@1.1.0
119 silly idealTree:prePrune +-- verror@1.3.6
119 silly idealTree:prePrune +-- vizion@0.2.13
119 silly idealTree:prePrune +-- vxx@1.0.3
119 silly idealTree:prePrune +-- wrappy@1.0.2
119 silly idealTree:prePrune +-- xtend@4.0.1
119 silly idealTree:prePrune `-- yamljs@0.2.8
120 silly loadIdealTree Finishing
121 silly currentTree moulli
121 silly currentTree +-- accepts@1.3.3
121 silly currentTree +-- amp-message@0.1.2
121 silly currentTree +-- amp@0.3.1
121 silly currentTree +-- ansi-regex@2.1.1
121 silly currentTree +-- ansi-styles@2.2.1
121 silly currentTree +-- anymatch@1.3.0
121 silly currentTree +-- argparse@1.0.9
121 silly currentTree +-- arr-diff@2.0.0
121 silly currentTree +-- arr-flatten@1.0.1
121 silly currentTree +-- array-flatten@1.1.1
121 silly currentTree +-- array-unique@0.2.1
121 silly currentTree +-- arrify@1.0.1
121 silly currentTree +-- asn1@0.2.3
121 silly currentTree +-- assert-plus@0.2.0
121 silly currentTree +-- async-each@1.0.1
121 silly currentTree +-- async-listener@0.6.3
121 silly currentTree | `-- shimmer@1.0.0
121 silly currentTree +-- async@1.5.2
121 silly currentTree +-- asynckit@0.4.0
121 silly currentTree +-- aws-sign2@0.6.0
121 silly currentTree +-- aws4@1.6.0
121 silly currentTree +-- balanced-match@0.4.2
121 silly currentTree +-- bcrypt-pbkdf@1.0.1
121 silly currentTree +-- bignumber.js@3.1.2
121 silly currentTree +-- binary-extensions@1.8.0
121 silly currentTree +-- bindings@1.0.0
121 silly currentTree +-- blessed@0.1.81
121 silly currentTree +-- bluebird@3.4.7
121 silly currentTree +-- boom@2.10.1
121 silly currentTree +-- brace-expansion@1.1.6
121 silly currentTree +-- braces@1.8.5
121 silly currentTree +-- buffer-shims@1.0.0
121 silly currentTree +-- bytes@2.4.0
121 silly currentTree +-- caseless@0.11.0
121 silly currentTree +-- chalk@1.1.3
121 silly currentTree +-- chokidar@1.6.1
121 silly currentTree +-- cli-table@0.3.1
121 silly currentTree +-- colors@1.0.3
121 silly currentTree +-- combined-stream@1.0.5
121 silly currentTree +-- commander@2.9.0
121 silly currentTree +-- concat-map@0.0.1
121 silly currentTree +-- content-disposition@0.5.2
121 silly currentTree +-- content-type@1.0.2
121 silly currentTree +-- continuation-local-storage@3.2.0
121 silly currentTree +-- cookie-signature@1.0.6
121 silly currentTree +-- cookie@0.3.1
121 silly currentTree +-- core-util-is@1.0.2
121 silly currentTree +-- cron@1.2.1
121 silly currentTree +-- cryptiles@2.0.5
121 silly currentTree +-- dashdash@1.14.1
121 silly currentTree | `-- assert-plus@1.0.0
121 silly currentTree +-- debug@2.6.1
121 silly currentTree +-- deep-extend@0.4.1
121 silly currentTree +-- delayed-stream@1.0.0
121 silly currentTree +-- depd@1.1.0
121 silly currentTree +-- destroy@1.0.4
121 silly currentTree +-- double-ended-queue@2.1.0-0
121 silly currentTree +-- ecc-jsbn@0.1.1
121 silly currentTree +-- ee-first@1.1.1
121 silly currentTree +-- emitter-listener@1.0.1
121 silly currentTree | `-- shimmer@1.0.0
121 silly currentTree +-- encodeurl@1.0.1
121 silly currentTree +-- escape-html@1.0.3
121 silly currentTree +-- escape-regexp@0.0.1
121 silly currentTree +-- escape-string-regexp@1.0.5
121 silly currentTree +-- etag@1.7.0
121 silly currentTree +-- eventemitter2@1.0.5
121 silly currentTree +-- expand-brackets@0.1.5
121 silly currentTree +-- expand-range@1.8.2
121 silly currentTree +-- extend@3.0.0
121 silly currentTree +-- extglob@0.3.2
121 silly currentTree +-- extsprintf@1.0.2
121 silly currentTree +-- fclone@1.0.10
121 silly currentTree +-- fetch-tweets@0.1.7
121 silly currentTree +-- filename-regex@2.0.0
121 silly currentTree +-- fill-range@2.2.3
121 silly currentTree +-- finalhandler@0.5.1
121 silly currentTree | +-- debug@2.2.0
121 silly currentTree | `-- ms@0.7.1
121 silly currentTree +-- for-in@0.1.6
121 silly currentTree +-- for-own@0.1.4
121 silly currentTree +-- forever-agent@0.6.1
121 silly currentTree +-- form-data@2.1.2
121 silly currentTree +-- forwarded@0.1.0
121 silly currentTree +-- fresh@0.3.0
121 silly currentTree +-- fs.realpath@1.0.0
121 silly currentTree +-- fsevents@1.1.0
121 silly currentTree | +-- abbrev@1.1.0
121 silly currentTree | +-- ansi-regex@2.1.1
121 silly currentTree | +-- ansi-styles@2.2.1
121 silly currentTree | +-- aproba@1.1.1
121 silly currentTree | +-- are-we-there-yet@1.1.2
121 silly currentTree | +-- asn1@0.2.3
121 silly currentTree | +-- assert-plus@0.2.0
121 silly currentTree | +-- asynckit@0.4.0
121 silly currentTree | +-- aws-sign2@0.6.0
121 silly currentTree | +-- aws4@1.6.0
121 silly currentTree | +-- balanced-match@0.4.2
121 silly currentTree | +-- bcrypt-pbkdf@1.0.1
121 silly currentTree | +-- block-stream@0.0.9
121 silly currentTree | +-- boom@2.10.1
121 silly currentTree | +-- brace-expansion@1.1.6
121 silly currentTree | +-- buffer-shims@1.0.0
121 silly currentTree | +-- caseless@0.11.0
121 silly currentTree | +-- chalk@1.1.3
121 silly currentTree | +-- code-point-at@1.1.0
121 silly currentTree | +-- combined-stream@1.0.5
121 silly currentTree | +-- commander@2.9.0
121 silly currentTree | +-- concat-map@0.0.1
121 silly currentTree | +-- console-control-strings@1.1.0
121 silly currentTree | +-- core-util-is@1.0.2
121 silly currentTree | +-- cryptiles@2.0.5
121 silly currentTree | +-- dashdash@1.14.1
121 silly currentTree | | `-- assert-plus@1.0.0
121 silly currentTree | +-- debug@2.2.0
121 silly currentTree | +-- deep-extend@0.4.1
121 silly currentTree | +-- delayed-stream@1.0.0
121 silly currentTree | +-- delegates@1.0.0
121 silly currentTree | +-- ecc-jsbn@0.1.1
121 silly currentTree | +-- escape-string-regexp@1.0.5
121 silly currentTree | +-- extend@3.0.0
121 silly currentTree | +-- extsprintf@1.0.2
121 silly currentTree | +-- forever-agent@0.6.1
121 silly currentTree | +-- form-data@2.1.2
121 silly currentTree | +-- fs.realpath@1.0.0
121 silly currentTree | +-- fstream-ignore@1.0.5
121 silly currentTree | +-- fstream@1.0.10
121 silly currentTree | +-- gauge@2.7.3
121 silly currentTree | +-- generate-function@2.0.0
121 silly currentTree | +-- generate-object-property@1.2.0
121 silly currentTree | +-- getpass@0.1.6
121 silly currentTree | | `-- assert-plus@1.0.0
121 silly currentTree | +-- glob@7.1.1
121 silly currentTree | +-- graceful-fs@4.1.11
121 silly currentTree | +-- graceful-readlink@1.0.1
121 silly currentTree | +-- har-validator@2.0.6
121 silly currentTree | +-- has-ansi@2.0.0
121 silly currentTree | +-- has-unicode@2.0.1
121 silly currentTree | +-- hawk@3.1.3
121 silly currentTree | +-- hoek@2.16.3
121 silly currentTree | +-- http-signature@1.1.1
121 silly currentTree | +-- inflight@1.0.6
121 silly currentTree | +-- inherits@2.0.3
121 silly currentTree | +-- ini@1.3.4
121 silly currentTree | +-- is-fullwidth-code-point@1.0.0
121 silly currentTree | +-- is-my-json-valid@2.15.0
121 silly currentTree | +-- is-property@1.0.2
121 silly currentTree | +-- is-typedarray@1.0.0
121 silly currentTree | +-- isarray@1.0.0
121 silly currentTree | +-- isstream@0.1.2
121 silly currentTree | +-- jodid25519@1.0.2
121 silly currentTree | +-- jsbn@0.1.1
121 silly currentTree | +-- json-schema@0.2.3
121 silly currentTree | +-- json-stringify-safe@5.0.1
121 silly currentTree | +-- jsonpointer@4.0.1
121 silly currentTree | +-- jsprim@1.3.1
121 silly currentTree | +-- mime-db@1.26.0
121 silly currentTree | +-- mime-types@2.1.14
121 silly currentTree | +-- minimatch@3.0.3
121 silly currentTree | +-- minimist@0.0.8
121 silly currentTree | +-- mkdirp@0.5.1
121 silly currentTree | +-- ms@0.7.1
121 silly currentTree | +-- node-pre-gyp@0.6.33
121 silly currentTree | +-- nopt@3.0.6
121 silly currentTree | +-- npmlog@4.0.2
121 silly currentTree | +-- number-is-nan@1.0.1
121 silly currentTree | +-- oauth-sign@0.8.2
121 silly currentTree | +-- object-assign@4.1.1
121 silly currentTree | +-- once@1.4.0
121 silly currentTree | +-- path-is-absolute@1.0.1
121 silly currentTree | +-- pinkie-promise@2.0.1
121 silly currentTree | +-- pinkie@2.0.4
121 silly currentTree | +-- process-nextick-args@1.0.7
121 silly currentTree | +-- punycode@1.4.1
121 silly currentTree | +-- qs@6.3.1
121 silly currentTree | +-- rc@1.1.7
121 silly currentTree | | `-- minimist@1.2.0
121 silly currentTree | +-- readable-stream@2.2.2
121 silly currentTree | +-- request@2.79.0
121 silly currentTree | +-- rimraf@2.5.4
121 silly currentTree | +-- semver@5.3.0
121 silly currentTree | +-- set-blocking@2.0.0
121 silly currentTree | +-- signal-exit@3.0.2
121 silly currentTree | +-- sntp@1.0.9
121 silly currentTree | +-- sshpk@1.10.2
121 silly currentTree | | `-- assert-plus@1.0.0
121 silly currentTree | +-- string_decoder@0.10.31
121 silly currentTree | +-- string-width@1.0.2
121 silly currentTree | +-- stringstream@0.0.5
121 silly currentTree | +-- strip-ansi@3.0.1
121 silly currentTree | +-- strip-json-comments@2.0.1
121 silly currentTree | +-- supports-color@2.0.0
121 silly currentTree | +-- tar-pack@3.3.0
121 silly currentTree | | +-- once@1.3.3
121 silly currentTree | | `-- readable-stream@2.1.5
121 silly currentTree | +-- tar@2.2.1
121 silly currentTree | +-- tough-cookie@2.3.2
121 silly currentTree | +-- tunnel-agent@0.4.3
121 silly currentTree | +-- tweetnacl@0.14.5
121 silly currentTree | +-- uid-number@0.0.6
121 silly currentTree | +-- util-deprecate@1.0.2
121 silly currentTree | +-- uuid@3.0.1
121 silly currentTree | +-- verror@1.3.6
121 silly currentTree | +-- wide-align@1.1.0
121 silly currentTree | +-- wrappy@1.0.2
121 silly currentTree | `-- xtend@4.0.1
121 silly currentTree +-- generate-function@2.0.0
121 silly currentTree +-- generate-object-property@1.2.0
121 silly currentTree +-- getpass@0.1.6
121 silly currentTree | `-- assert-plus@1.0.0
121 silly currentTree +-- gkt@1.0.0
121 silly currentTree +-- glob-base@0.3.0
121 silly currentTree +-- glob-parent@2.0.0
121 silly currentTree +-- glob@7.1.1
121 silly currentTree +-- graceful-fs@4.1.11
121 silly currentTree +-- graceful-readlink@1.0.1
121 silly currentTree +-- har-validator@2.0.6
121 silly currentTree +-- has-ansi@2.0.0
121 silly currentTree +-- hawk@3.1.3
121 silly currentTree +-- hoek@2.16.3
121 silly currentTree +-- http-errors@1.5.1
121 silly currentTree +-- http-signature@1.1.1
121 silly currentTree +-- httprequest@0.1.5
121 silly currentTree +-- iconv-lite@0.4.15
121 silly currentTree +-- inflight@1.0.6
121 silly currentTree +-- inherits@2.0.3
121 silly currentTree +-- interpret@1.0.1
121 silly currentTree +-- ipaddr.js@1.2.0
121 silly currentTree +-- is-binary-path@1.0.1
121 silly currentTree +-- is-buffer@1.1.4
121 silly currentTree +-- is-dotfile@1.0.2
121 silly currentTree +-- is-equal-shallow@0.1.3
121 silly currentTree +-- is-extendable@0.1.1
121 silly currentTree +-- is-extglob@1.0.0
121 silly currentTree +-- is-glob@2.0.1
121 silly currentTree +-- is-my-json-valid@2.16.0
121 silly currentTree +-- is-number@2.1.0
121 silly currentTree +-- is-posix-bracket@0.1.1
121 silly currentTree +-- is-primitive@2.0.0
121 silly currentTree +-- is-property@1.0.2
121 silly currentTree +-- is-typedarray@1.0.0
121 silly currentTree +-- isarray@1.0.0
121 silly currentTree +-- isobject@2.1.0
121 silly currentTree +-- isstream@0.1.2
121 silly currentTree +-- jodid25519@1.0.2
121 silly currentTree +-- jsbn@0.1.1
121 silly currentTree +-- json-schema@0.2.3
121 silly currentTree +-- json-stringify-safe@5.0.1
121 silly currentTree +-- jsonpointer@4.0.1
121 silly currentTree +-- jsprim@1.3.1
121 silly currentTree +-- kind-of@3.1.0
121 silly currentTree +-- lazy@1.0.11
121 silly currentTree +-- lodash.findindex@4.6.0
121 silly currentTree +-- lodash.isequal@4.5.0
121 silly currentTree +-- media-typer@0.3.0
121 silly currentTree +-- merge-descriptors@1.0.1
121 silly currentTree +-- methods@1.1.2
121 silly currentTree +-- micromatch@2.3.11
121 silly currentTree +-- mime-db@1.26.0
121 silly currentTree +-- mime-types@2.1.14
121 silly currentTree +-- mime@1.3.4
121 silly currentTree +-- minimatch@3.0.3
121 silly currentTree +-- minimist@0.0.8
121 silly currentTree +-- mkdirp@0.5.1
121 silly currentTree +-- moment-timezone@0.5.11
121 silly currentTree +-- moment@2.17.1
121 silly currentTree +-- ms@0.7.2
121 silly currentTree +-- nan@2.5.1
121 silly currentTree +-- negotiator@0.6.1
121 silly currentTree +-- node-ffi@0.5.7
121 silly currentTree +-- normalize-path@2.0.1
121 silly currentTree +-- nssocket@0.6.0
121 silly currentTree | `-- eventemitter2@0.4.14
121 silly currentTree +-- oauth-sign@0.8.2
121 silly currentTree +-- object.omit@2.0.1
121 silly currentTree +-- on-finished@2.3.0
121 silly currentTree +-- once@1.4.0
121 silly currentTree +-- parse-glob@3.0.4
121 silly currentTree +-- parseurl@1.3.1
121 silly currentTree +-- path-is-absolute@1.0.1
121 silly currentTree +-- path-to-regexp@1.7.0
121 silly currentTree | `-- isarray@0.0.1
121 silly currentTree +-- pidusage@1.1.1
121 silly currentTree +-- pinkie-promise@2.0.1
121 silly currentTree +-- pinkie@2.0.4
121 silly currentTree +-- pm2-axon-rpc@0.4.5
121 silly currentTree | `-- fclone@1.0.8
121 silly currentTree +-- pm2-axon@3.0.2
121 silly currentTree | +-- debug@2.2.0
121 silly currentTree | `-- ms@0.7.1
121 silly currentTree +-- pm2-deploy@0.3.5
121 silly currentTree +-- pm2@2.4.0
121 silly currentTree +-- pmx@1.0.1
121 silly currentTree +-- preserve@0.2.0
121 silly currentTree +-- process-nextick-args@1.0.7
121 silly currentTree +-- proxy-addr@1.1.3
121 silly currentTree +-- punycode@1.4.1
121 silly currentTree +-- qs@6.2.0
121 silly currentTree +-- randomatic@1.1.6
121 silly currentTree +-- range-parser@1.2.0
121 silly currentTree +-- raw-body@2.2.0
121 silly currentTree +-- readable-stream@2.2.2
121 silly currentTree +-- readdirp@2.1.0
121 silly currentTree +-- rechoir@0.6.2
121 silly currentTree +-- redis-commands@1.3.1
121 silly currentTree +-- redis-parser@2.4.0
121 silly currentTree +-- regex-cache@0.4.3
121 silly currentTree +-- repeat-element@1.1.2
121 silly currentTree +-- repeat-string@1.6.1
121 silly currentTree +-- request@2.79.0
121 silly currentTree | +-- qs@6.3.1
121 silly currentTree | `-- uuid@3.0.1
121 silly currentTree +-- resolve@1.2.0
121 silly currentTree +-- semver@5.3.0
121 silly currentTree +-- send@0.14.2
121 silly currentTree | `-- debug@2.2.0
121 silly currentTree |   `-- ms@0.7.1
121 silly currentTree +-- serve-static@1.11.2
121 silly currentTree +-- set-immediate-shim@1.0.1
121 silly currentTree +-- setprototypeof@1.0.2
121 silly currentTree +-- shelljs@0.7.5
121 silly currentTree +-- shimmer@1.1.0
121 silly currentTree +-- sntp@1.0.9
121 silly currentTree +-- source-map-support@0.4.11
121 silly currentTree +-- source-map@0.5.6
121 silly currentTree +-- sprintf-js@1.0.3
121 silly currentTree +-- sqlstring@2.2.0
121 silly currentTree +-- sshpk@1.11.0
121 silly currentTree | `-- assert-plus@1.0.0
121 silly currentTree +-- statuses@1.3.1
121 silly currentTree +-- string_decoder@0.10.31
121 silly currentTree +-- stringstream@0.0.5
121 silly currentTree +-- strip-ansi@3.0.1
121 silly currentTree +-- supports-color@2.0.0
121 silly currentTree +-- tough-cookie@2.3.2
121 silly currentTree +-- tunnel-agent@0.4.3
121 silly currentTree +-- tv4@1.2.7
121 silly currentTree +-- tweetnacl@0.14.5
121 silly currentTree +-- twit@2.2.5
121 silly currentTree +-- twitter@1.7.0
121 silly currentTree +-- type-is@1.6.14
121 silly currentTree +-- unpipe@1.0.0
121 silly currentTree +-- util-deprecate@1.0.2
121 silly currentTree +-- utils-merge@1.0.0
121 silly currentTree +-- uuid@2.0.3
121 silly currentTree +-- vary@1.1.0
121 silly currentTree +-- verror@1.3.6
121 silly currentTree +-- vizion@0.2.13
121 silly currentTree +-- vxx@1.0.3
121 silly currentTree +-- wrappy@1.0.2
121 silly currentTree +-- xtend@4.0.1
121 silly currentTree `-- yamljs@0.2.8
122 silly idealTree moulli
122 silly idealTree +-- accepts@1.3.3
122 silly idealTree +-- amp-message@0.1.2
122 silly idealTree +-- amp@0.3.1
122 silly idealTree +-- ansi-regex@2.1.1
122 silly idealTree +-- ansi-styles@2.2.1
122 silly idealTree +-- anymatch@1.3.0
122 silly idealTree +-- argparse@1.0.9
122 silly idealTree +-- arr-diff@2.0.0
122 silly idealTree +-- arr-flatten@1.0.1
122 silly idealTree +-- array-flatten@1.1.1
122 silly idealTree +-- array-unique@0.2.1
122 silly idealTree +-- arrify@1.0.1
122 silly idealTree +-- asn1@0.2.3
122 silly idealTree +-- assert-plus@0.2.0
122 silly idealTree +-- async-each@1.0.1
122 silly idealTree +-- async-listener@0.6.3
122 silly idealTree | `-- shimmer@1.0.0
122 silly idealTree +-- async@1.5.2
122 silly idealTree +-- asynckit@0.4.0
122 silly idealTree +-- aws-sign2@0.6.0
122 silly idealTree +-- aws4@1.6.0
122 silly idealTree +-- balanced-match@0.4.2
122 silly idealTree +-- bcrypt-pbkdf@1.0.1
122 silly idealTree +-- bignumber.js@3.1.2
122 silly idealTree +-- binary-extensions@1.8.0
122 silly idealTree +-- bindings@1.0.0
122 silly idealTree +-- blessed@0.1.81
122 silly idealTree +-- bluebird@3.4.7
122 silly idealTree +-- boom@2.10.1
122 silly idealTree +-- brace-expansion@1.1.6
122 silly idealTree +-- braces@1.8.5
122 silly idealTree +-- buffer-shims@1.0.0
122 silly idealTree +-- bytes@2.4.0
122 silly idealTree +-- caseless@0.11.0
122 silly idealTree +-- chalk@1.1.3
122 silly idealTree +-- chokidar@1.6.1
122 silly idealTree +-- cli-table@0.3.1
122 silly idealTree +-- colors@1.0.3
122 silly idealTree +-- combined-stream@1.0.5
122 silly idealTree +-- commander@2.9.0
122 silly idealTree +-- concat-map@0.0.1
122 silly idealTree +-- content-disposition@0.5.2
122 silly idealTree +-- content-type@1.0.2
122 silly idealTree +-- continuation-local-storage@3.2.0
122 silly idealTree +-- cookie-signature@1.0.6
122 silly idealTree +-- cookie@0.3.1
122 silly idealTree +-- core-util-is@1.0.2
122 silly idealTree +-- cron@1.2.1
122 silly idealTree +-- cryptiles@2.0.5
122 silly idealTree +-- dashdash@1.14.1
122 silly idealTree | `-- assert-plus@1.0.0
122 silly idealTree +-- debug@2.6.1
122 silly idealTree +-- deep-extend@0.4.1
122 silly idealTree +-- delayed-stream@1.0.0
122 silly idealTree +-- depd@1.1.0
122 silly idealTree +-- destroy@1.0.4
122 silly idealTree +-- double-ended-queue@2.1.0-0
122 silly idealTree +-- ecc-jsbn@0.1.1
122 silly idealTree +-- ee-first@1.1.1
122 silly idealTree +-- emitter-listener@1.0.1
122 silly idealTree | `-- shimmer@1.0.0
122 silly idealTree +-- encodeurl@1.0.1
122 silly idealTree +-- escape-html@1.0.3
122 silly idealTree +-- escape-regexp@0.0.1
122 silly idealTree +-- escape-string-regexp@1.0.5
122 silly idealTree +-- etag@1.7.0
122 silly idealTree +-- eventemitter2@1.0.5
122 silly idealTree +-- expand-brackets@0.1.5
122 silly idealTree +-- expand-range@1.8.2
122 silly idealTree +-- extend@3.0.0
122 silly idealTree +-- extglob@0.3.2
122 silly idealTree +-- extsprintf@1.0.2
122 silly idealTree +-- fclone@1.0.10
122 silly idealTree +-- fetch-tweets@0.1.7
122 silly idealTree +-- filename-regex@2.0.0
122 silly idealTree +-- fill-range@2.2.3
122 silly idealTree +-- finalhandler@0.5.1
122 silly idealTree | +-- debug@2.2.0
122 silly idealTree | `-- ms@0.7.1
122 silly idealTree +-- for-in@0.1.6
122 silly idealTree +-- for-own@0.1.4
122 silly idealTree +-- forever-agent@0.6.1
122 silly idealTree +-- form-data@2.1.2
122 silly idealTree +-- forwarded@0.1.0
122 silly idealTree +-- fresh@0.3.0
122 silly idealTree +-- fs.realpath@1.0.0
122 silly idealTree +-- fsevents@1.1.0
122 silly idealTree | +-- abbrev@1.1.0
122 silly idealTree | +-- ansi-regex@2.1.1
122 silly idealTree | +-- ansi-styles@2.2.1
122 silly idealTree | +-- aproba@1.1.1
122 silly idealTree | +-- are-we-there-yet@1.1.2
122 silly idealTree | +-- asn1@0.2.3
122 silly idealTree | +-- assert-plus@0.2.0
122 silly idealTree | +-- asynckit@0.4.0
122 silly idealTree | +-- aws-sign2@0.6.0
122 silly idealTree | +-- aws4@1.6.0
122 silly idealTree | +-- balanced-match@0.4.2
122 silly idealTree | +-- bcrypt-pbkdf@1.0.1
122 silly idealTree | +-- block-stream@0.0.9
122 silly idealTree | +-- boom@2.10.1
122 silly idealTree | +-- brace-expansion@1.1.6
122 silly idealTree | +-- buffer-shims@1.0.0
122 silly idealTree | +-- caseless@0.11.0
122 silly idealTree | +-- chalk@1.1.3
122 silly idealTree | +-- code-point-at@1.1.0
122 silly idealTree | +-- combined-stream@1.0.5
122 silly idealTree | +-- commander@2.9.0
122 silly idealTree | +-- concat-map@0.0.1
122 silly idealTree | +-- console-control-strings@1.1.0
122 silly idealTree | +-- core-util-is@1.0.2
122 silly idealTree | +-- cryptiles@2.0.5
122 silly idealTree | +-- dashdash@1.14.1
122 silly idealTree | | `-- assert-plus@1.0.0
122 silly idealTree | +-- debug@2.2.0
122 silly idealTree | +-- deep-extend@0.4.1
122 silly idealTree | +-- delayed-stream@1.0.0
122 silly idealTree | +-- delegates@1.0.0
122 silly idealTree | +-- ecc-jsbn@0.1.1
122 silly idealTree | +-- escape-string-regexp@1.0.5
122 silly idealTree | +-- extend@3.0.0
122 silly idealTree | +-- extsprintf@1.0.2
122 silly idealTree | +-- forever-agent@0.6.1
122 silly idealTree | +-- form-data@2.1.2
122 silly idealTree | +-- fs.realpath@1.0.0
122 silly idealTree | +-- fstream-ignore@1.0.5
122 silly idealTree | +-- fstream@1.0.10
122 silly idealTree | +-- gauge@2.7.3
122 silly idealTree | +-- generate-function@2.0.0
122 silly idealTree | +-- generate-object-property@1.2.0
122 silly idealTree | +-- getpass@0.1.6
122 silly idealTree | | `-- assert-plus@1.0.0
122 silly idealTree | +-- glob@7.1.1
122 silly idealTree | +-- graceful-fs@4.1.11
122 silly idealTree | +-- graceful-readlink@1.0.1
122 silly idealTree | +-- har-validator@2.0.6
122 silly idealTree | +-- has-ansi@2.0.0
122 silly idealTree | +-- has-unicode@2.0.1
122 silly idealTree | +-- hawk@3.1.3
122 silly idealTree | +-- hoek@2.16.3
122 silly idealTree | +-- http-signature@1.1.1
122 silly idealTree | +-- inflight@1.0.6
122 silly idealTree | +-- inherits@2.0.3
122 silly idealTree | +-- ini@1.3.4
122 silly idealTree | +-- is-fullwidth-code-point@1.0.0
122 silly idealTree | +-- is-my-json-valid@2.15.0
122 silly idealTree | +-- is-property@1.0.2
122 silly idealTree | +-- is-typedarray@1.0.0
122 silly idealTree | +-- isarray@1.0.0
122 silly idealTree | +-- isstream@0.1.2
122 silly idealTree | +-- jodid25519@1.0.2
122 silly idealTree | +-- jsbn@0.1.1
122 silly idealTree | +-- json-schema@0.2.3
122 silly idealTree | +-- json-stringify-safe@5.0.1
122 silly idealTree | +-- jsonpointer@4.0.1
122 silly idealTree | +-- jsprim@1.3.1
122 silly idealTree | +-- mime-db@1.26.0
122 silly idealTree | +-- mime-types@2.1.14
122 silly idealTree | +-- minimatch@3.0.3
122 silly idealTree | +-- minimist@0.0.8
122 silly idealTree | +-- mkdirp@0.5.1
122 silly idealTree | +-- ms@0.7.1
122 silly idealTree | +-- node-pre-gyp@0.6.33
122 silly idealTree | +-- nopt@3.0.6
122 silly idealTree | +-- npmlog@4.0.2
122 silly idealTree | +-- number-is-nan@1.0.1
122 silly idealTree | +-- oauth-sign@0.8.2
122 silly idealTree | +-- object-assign@4.1.1
122 silly idealTree | +-- once@1.4.0
122 silly idealTree | +-- path-is-absolute@1.0.1
122 silly idealTree | +-- pinkie-promise@2.0.1
122 silly idealTree | +-- pinkie@2.0.4
122 silly idealTree | +-- process-nextick-args@1.0.7
122 silly idealTree | +-- punycode@1.4.1
122 silly idealTree | +-- qs@6.3.1
122 silly idealTree | +-- rc@1.1.7
122 silly idealTree | | `-- minimist@1.2.0
122 silly idealTree | +-- readable-stream@2.2.2
122 silly idealTree | +-- request@2.79.0
122 silly idealTree | +-- rimraf@2.5.4
122 silly idealTree | +-- semver@5.3.0
122 silly idealTree | +-- set-blocking@2.0.0
122 silly idealTree | +-- signal-exit@3.0.2
122 silly idealTree | +-- sntp@1.0.9
122 silly idealTree | +-- sshpk@1.10.2
122 silly idealTree | | `-- assert-plus@1.0.0
122 silly idealTree | +-- string_decoder@0.10.31
122 silly idealTree | +-- string-width@1.0.2
122 silly idealTree | +-- stringstream@0.0.5
122 silly idealTree | +-- strip-ansi@3.0.1
122 silly idealTree | +-- strip-json-comments@2.0.1
122 silly idealTree | +-- supports-color@2.0.0
122 silly idealTree | +-- tar-pack@3.3.0
122 silly idealTree | | +-- once@1.3.3
122 silly idealTree | | `-- readable-stream@2.1.5
122 silly idealTree | +-- tar@2.2.1
122 silly idealTree | +-- tough-cookie@2.3.2
122 silly idealTree | +-- tunnel-agent@0.4.3
122 silly idealTree | +-- tweetnacl@0.14.5
122 silly idealTree | +-- uid-number@0.0.6
122 silly idealTree | +-- util-deprecate@1.0.2
122 silly idealTree | +-- uuid@3.0.1
122 silly idealTree | +-- verror@1.3.6
122 silly idealTree | +-- wide-align@1.1.0
122 silly idealTree | +-- wrappy@1.0.2
122 silly idealTree | `-- xtend@4.0.1
122 silly idealTree +-- generate-function@2.0.0
122 silly idealTree +-- generate-object-property@1.2.0
122 silly idealTree +-- getpass@0.1.6
122 silly idealTree | `-- assert-plus@1.0.0
122 silly idealTree +-- gkt@1.0.0
122 silly idealTree +-- glob-base@0.3.0
122 silly idealTree +-- glob-parent@2.0.0
122 silly idealTree +-- glob@7.1.1
122 silly idealTree +-- graceful-fs@4.1.11
122 silly idealTree +-- graceful-readlink@1.0.1
122 silly idealTree +-- har-validator@2.0.6
122 silly idealTree +-- has-ansi@2.0.0
122 silly idealTree +-- hawk@3.1.3
122 silly idealTree +-- hoek@2.16.3
122 silly idealTree +-- http-errors@1.5.1
122 silly idealTree +-- http-signature@1.1.1
122 silly idealTree +-- httprequest@0.1.5
122 silly idealTree +-- iconv-lite@0.4.15
122 silly idealTree +-- inflight@1.0.6
122 silly idealTree +-- inherits@2.0.3
122 silly idealTree +-- interpret@1.0.1
122 silly idealTree +-- ipaddr.js@1.2.0
122 silly idealTree +-- is-binary-path@1.0.1
122 silly idealTree +-- is-buffer@1.1.4
122 silly idealTree +-- is-dotfile@1.0.2
122 silly idealTree +-- is-equal-shallow@0.1.3
122 silly idealTree +-- is-extendable@0.1.1
122 silly idealTree +-- is-extglob@1.0.0
122 silly idealTree +-- is-glob@2.0.1
122 silly idealTree +-- is-my-json-valid@2.16.0
122 silly idealTree +-- is-number@2.1.0
122 silly idealTree +-- is-posix-bracket@0.1.1
122 silly idealTree +-- is-primitive@2.0.0
122 silly idealTree +-- is-property@1.0.2
122 silly idealTree +-- is-typedarray@1.0.0
122 silly idealTree +-- isarray@1.0.0
122 silly idealTree +-- isobject@2.1.0
122 silly idealTree +-- isstream@0.1.2
122 silly idealTree +-- jodid25519@1.0.2
122 silly idealTree +-- jsbn@0.1.1
122 silly idealTree +-- json-schema@0.2.3
122 silly idealTree +-- json-stringify-safe@5.0.1
122 silly idealTree +-- jsonpointer@4.0.1
122 silly idealTree +-- jsprim@1.3.1
122 silly idealTree +-- kind-of@3.1.0
122 silly idealTree +-- lazy@1.0.11
122 silly idealTree +-- lodash.findindex@4.6.0
122 silly idealTree +-- lodash.isequal@4.5.0
122 silly idealTree +-- media-typer@0.3.0
122 silly idealTree +-- merge-descriptors@1.0.1
122 silly idealTree +-- methods@1.1.2
122 silly idealTree +-- micromatch@2.3.11
122 silly idealTree +-- mime-db@1.26.0
122 silly idealTree +-- mime-types@2.1.14
122 silly idealTree +-- mime@1.3.4
122 silly idealTree +-- minimatch@3.0.3
122 silly idealTree +-- minimist@0.0.8
122 silly idealTree +-- mkdirp@0.5.1
122 silly idealTree +-- moment-timezone@0.5.11
122 silly idealTree +-- moment@2.17.1
122 silly idealTree +-- ms@0.7.2
122 silly idealTree +-- mysql@2.13.0
122 silly idealTree | +-- isarray@0.0.1
122 silly idealTree | `-- readable-stream@1.1.14
122 silly idealTree +-- nan@2.5.1
122 silly idealTree +-- negotiator@0.6.1
122 silly idealTree +-- node-ffi@0.5.7
122 silly idealTree +-- normalize-path@2.0.1
122 silly idealTree +-- nssocket@0.6.0
122 silly idealTree | `-- eventemitter2@0.4.14
122 silly idealTree +-- oauth-sign@0.8.2
122 silly idealTree +-- object.omit@2.0.1
122 silly idealTree +-- on-finished@2.3.0
122 silly idealTree +-- once@1.4.0
122 silly idealTree +-- parse-glob@3.0.4
122 silly idealTree +-- parseurl@1.3.1
122 silly idealTree +-- path-is-absolute@1.0.1
122 silly idealTree +-- path-to-regexp@1.7.0
122 silly idealTree | `-- isarray@0.0.1
122 silly idealTree +-- pidusage@1.1.1
122 silly idealTree +-- pinkie-promise@2.0.1
122 silly idealTree +-- pinkie@2.0.4
122 silly idealTree +-- pm2-axon-rpc@0.4.5
122 silly idealTree | `-- fclone@1.0.8
122 silly idealTree +-- pm2-axon@3.0.2
122 silly idealTree | +-- debug@2.2.0
122 silly idealTree | `-- ms@0.7.1
122 silly idealTree +-- pm2-deploy@0.3.5
122 silly idealTree +-- pm2@2.4.0
122 silly idealTree +-- pmx@1.0.1
122 silly idealTree +-- preserve@0.2.0
122 silly idealTree +-- process-nextick-args@1.0.7
122 silly idealTree +-- proxy-addr@1.1.3
122 silly idealTree +-- punycode@1.4.1
122 silly idealTree +-- qs@6.2.0
122 silly idealTree +-- randomatic@1.1.6
122 silly idealTree +-- range-parser@1.2.0
122 silly idealTree +-- raw-body@2.2.0
122 silly idealTree +-- readable-stream@2.2.2
122 silly idealTree +-- readdirp@2.1.0
122 silly idealTree +-- rechoir@0.6.2
122 silly idealTree +-- redis-commands@1.3.1
122 silly idealTree +-- redis-parser@2.4.0
122 silly idealTree +-- regex-cache@0.4.3
122 silly idealTree +-- repeat-element@1.1.2
122 silly idealTree +-- repeat-string@1.6.1
122 silly idealTree +-- request@2.79.0
122 silly idealTree | +-- qs@6.3.1
122 silly idealTree | `-- uuid@3.0.1
122 silly idealTree +-- resolve@1.2.0
122 silly idealTree +-- semver@5.3.0
122 silly idealTree +-- send@0.14.2
122 silly idealTree | `-- debug@2.2.0
122 silly idealTree |   `-- ms@0.7.1
122 silly idealTree +-- serve-static@1.11.2
122 silly idealTree +-- set-immediate-shim@1.0.1
122 silly idealTree +-- setprototypeof@1.0.2
122 silly idealTree +-- shelljs@0.7.5
122 silly idealTree +-- shimmer@1.1.0
122 silly idealTree +-- sntp@1.0.9
122 silly idealTree +-- source-map-support@0.4.11
122 silly idealTree +-- source-map@0.5.6
122 silly idealTree +-- sprintf-js@1.0.3
122 silly idealTree +-- sqlstring@2.2.0
122 silly idealTree +-- sshpk@1.11.0
122 silly idealTree | `-- assert-plus@1.0.0
122 silly idealTree +-- statuses@1.3.1
122 silly idealTree +-- string_decoder@0.10.31
122 silly idealTree +-- stringstream@0.0.5
122 silly idealTree +-- strip-ansi@3.0.1
122 silly idealTree +-- supports-color@2.0.0
122 silly idealTree +-- tough-cookie@2.3.2
122 silly idealTree +-- tunnel-agent@0.4.3
122 silly idealTree +-- tv4@1.2.7
122 silly idealTree +-- tweetnacl@0.14.5
122 silly idealTree +-- twit@2.2.5
122 silly idealTree +-- twitter@1.7.0
122 silly idealTree +-- type-is@1.6.14
122 silly idealTree +-- unpipe@1.0.0
122 silly idealTree +-- util-deprecate@1.0.2
122 silly idealTree +-- utils-merge@1.0.0
122 silly idealTree +-- uuid@2.0.3
122 silly idealTree +-- vary@1.1.0
122 silly idealTree +-- verror@1.3.6
122 silly idealTree +-- vizion@0.2.13
122 silly idealTree +-- vxx@1.0.3
122 silly idealTree +-- wrappy@1.0.2
122 silly idealTree +-- xtend@4.0.1
122 silly idealTree `-- yamljs@0.2.8
123 silly generateActionsToTake Starting
124 silly install generateActionsToTake
125 silly generateActionsToTake Finishing
126 silly diffTrees action count 7
127 silly diffTrees add isarray@0.0.1
128 silly diffTrees add readable-stream@1.1.14
129 silly diffTrees update fetch-tweets@0.1.7
130 silly diffTrees update httprequest@0.1.5
131 silly diffTrees add mysql@2.13.0
132 silly diffTrees update twit@2.2.5
133 silly diffTrees update twitter@1.7.0
134 silly decomposeActions action count 56
135 silly decomposeActions fetch isarray@0.0.1
136 silly decomposeActions extract isarray@0.0.1
137 silly decomposeActions test isarray@0.0.1
138 silly decomposeActions preinstall isarray@0.0.1
139 silly decomposeActions build isarray@0.0.1
140 silly decomposeActions install isarray@0.0.1
141 silly decomposeActions postinstall isarray@0.0.1
142 silly decomposeActions finalize isarray@0.0.1
143 silly decomposeActions fetch readable-stream@1.1.14
144 silly decomposeActions extract readable-stream@1.1.14
145 silly decomposeActions test readable-stream@1.1.14
146 silly decomposeActions preinstall readable-stream@1.1.14
147 silly decomposeActions build readable-stream@1.1.14
148 silly decomposeActions install readable-stream@1.1.14
149 silly decomposeActions postinstall readable-stream@1.1.14
150 silly decomposeActions finalize readable-stream@1.1.14
151 silly decomposeActions fetch fetch-tweets@0.1.7
152 silly decomposeActions extract fetch-tweets@0.1.7
153 silly decomposeActions test fetch-tweets@0.1.7
154 silly decomposeActions preinstall fetch-tweets@0.1.7
155 silly decomposeActions build fetch-tweets@0.1.7
156 silly decomposeActions install fetch-tweets@0.1.7
157 silly decomposeActions postinstall fetch-tweets@0.1.7
158 silly decomposeActions finalize fetch-tweets@0.1.7
159 silly decomposeActions fetch httprequest@0.1.5
160 silly decomposeActions extract httprequest@0.1.5
161 silly decomposeActions test httprequest@0.1.5
162 silly decomposeActions preinstall httprequest@0.1.5
163 silly decomposeActions build httprequest@0.1.5
164 silly decomposeActions install httprequest@0.1.5
165 silly decomposeActions postinstall httprequest@0.1.5
166 silly decomposeActions finalize httprequest@0.1.5
167 silly decomposeActions fetch mysql@2.13.0
168 silly decomposeActions extract mysql@2.13.0
169 silly decomposeActions test mysql@2.13.0
170 silly decomposeActions preinstall mysql@2.13.0
171 silly decomposeActions build mysql@2.13.0
172 silly decomposeActions install mysql@2.13.0
173 silly decomposeActions postinstall mysql@2.13.0
174 silly decomposeActions finalize mysql@2.13.0
175 silly decomposeActions fetch twit@2.2.5
176 silly decomposeActions extract twit@2.2.5
177 silly decomposeActions test twit@2.2.5
178 silly decomposeActions preinstall twit@2.2.5
179 silly decomposeActions build twit@2.2.5
180 silly decomposeActions install twit@2.2.5
181 silly decomposeActions postinstall twit@2.2.5
182 silly decomposeActions finalize twit@2.2.5
183 silly decomposeActions fetch twitter@1.7.0
184 silly decomposeActions extract twitter@1.7.0
185 silly decomposeActions test twitter@1.7.0
186 silly decomposeActions preinstall twitter@1.7.0
187 silly decomposeActions build twitter@1.7.0
188 silly decomposeActions install twitter@1.7.0
189 silly decomposeActions postinstall twitter@1.7.0
190 silly decomposeActions finalize twitter@1.7.0
191 silly executeActions Starting
192 silly install executeActions
193 silly doSerial global-install 0
194 silly doParallel fetch 7
195 verbose lock using /home/moulli/.npm/_locks/staging-fed866eb6d8b2d77.lock for /home/moulli/node_modules/.staging
196 silly doParallel extract 7
197 silly extract isarray@0.0.1
198 silly extract readable-stream@1.1.14
199 silly extract fetch-tweets@0.1.7
200 silly extract httprequest@0.1.5
201 silly extract mysql@2.13.0
202 silly extract twit@2.2.5
203 silly extract twitter@1.7.0
204 verbose unbuild node_modules/.staging/isarray-1cd35eb9
205 verbose unbuild node_modules/.staging/readable-stream-854178cb
206 verbose unbuild node_modules/.staging/fetch-tweets-fe9fe7bd
207 verbose unbuild node_modules/.staging/httprequest-c15b793a
208 verbose unbuild node_modules/.staging/twitter-2f551e36
209 verbose unbuild node_modules/.staging/mysql-7c21e57d
210 verbose unbuild node_modules/.staging/twit-4d0921fc
211 silly gentlyRm /home/moulli/node_modules/.staging/isarray-1cd35eb9 is being purged from base /home/moulli
212 verbose gentlyRm don't care about contents; nuking /home/moulli/node_modules/.staging/isarray-1cd35eb9
213 silly gentlyRm /home/moulli/node_modules/.staging/readable-stream-854178cb is being purged from base /home/moulli
214 verbose gentlyRm don't care about contents; nuking /home/moulli/node_modules/.staging/readable-stream-854178cb
215 silly gentlyRm /home/moulli/node_modules/.staging/fetch-tweets-fe9fe7bd is being purged from base /home/moulli
216 verbose gentlyRm don't care about contents; nuking /home/moulli/node_modules/.staging/fetch-tweets-fe9fe7bd
217 silly gentlyRm /home/moulli/node_modules/.staging/httprequest-c15b793a is being purged from base /home/moulli
218 verbose gentlyRm don't care about contents; nuking /home/moulli/node_modules/.staging/httprequest-c15b793a
219 silly gentlyRm /home/moulli/node_modules/.staging/twitter-2f551e36 is being purged from base /home/moulli
220 verbose gentlyRm don't care about contents; nuking /home/moulli/node_modules/.staging/twitter-2f551e36
221 silly gentlyRm /home/moulli/node_modules/.staging/mysql-7c21e57d is being purged from base /home/moulli
222 verbose gentlyRm don't care about contents; nuking /home/moulli/node_modules/.staging/mysql-7c21e57d
223 silly gentlyRm /home/moulli/node_modules/.staging/twit-4d0921fc is being purged from base /home/moulli
224 verbose gentlyRm don't care about contents; nuking /home/moulli/node_modules/.staging/twit-4d0921fc
225 verbose tar unpack /home/moulli/.npm/isarray/0.0.1/package.tgz
226 verbose tar unpacking to /home/moulli/node_modules/.staging/isarray-1cd35eb9
227 silly gentlyRm /home/moulli/node_modules/.staging/isarray-1cd35eb9 is being purged
228 verbose gentlyRm don't care about contents; nuking /home/moulli/node_modules/.staging/isarray-1cd35eb9
229 verbose tar unpack /home/moulli/.npm/readable-stream/1.1.14/package.tgz
230 verbose tar unpacking to /home/moulli/node_modules/.staging/readable-stream-854178cb
231 silly gentlyRm /home/moulli/node_modules/.staging/readable-stream-854178cb is being purged
232 verbose gentlyRm don't care about contents; nuking /home/moulli/node_modules/.staging/readable-stream-854178cb
233 verbose tar unpack /home/moulli/.npm/fetch-tweets/0.1.7/package.tgz
234 verbose tar unpacking to /home/moulli/node_modules/.staging/fetch-tweets-fe9fe7bd
235 silly gentlyRm /home/moulli/node_modules/.staging/fetch-tweets-fe9fe7bd is being purged
236 verbose gentlyRm don't care about contents; nuking /home/moulli/node_modules/.staging/fetch-tweets-fe9fe7bd
237 verbose tar unpack /home/moulli/.npm/httprequest/0.1.5/package.tgz
238 verbose tar unpacking to /home/moulli/node_modules/.staging/httprequest-c15b793a
239 silly gentlyRm /home/moulli/node_modules/.staging/httprequest-c15b793a is being purged
240 verbose gentlyRm don't care about contents; nuking /home/moulli/node_modules/.staging/httprequest-c15b793a
241 verbose tar unpack /home/moulli/.npm/twitter/1.7.0/package.tgz
242 verbose tar unpacking to /home/moulli/node_modules/.staging/twitter-2f551e36
243 silly gentlyRm /home/moulli/node_modules/.staging/twitter-2f551e36 is being purged
244 verbose gentlyRm don't care about contents; nuking /home/moulli/node_modules/.staging/twitter-2f551e36
245 verbose tar unpack /home/moulli/.npm/mysql/2.13.0/package.tgz
246 verbose tar unpacking to /home/moulli/node_modules/.staging/mysql-7c21e57d
247 silly gentlyRm /home/moulli/node_modules/.staging/mysql-7c21e57d is being purged
248 verbose gentlyRm don't care about contents; nuking /home/moulli/node_modules/.staging/mysql-7c21e57d
249 verbose tar unpack /home/moulli/.npm/twit/2.2.5/package.tgz
250 verbose tar unpacking to /home/moulli/node_modules/.staging/twit-4d0921fc
251 silly gentlyRm /home/moulli/node_modules/.staging/twit-4d0921fc is being purged
252 verbose gentlyRm don't care about contents; nuking /home/moulli/node_modules/.staging/twit-4d0921fc
253 silly gunzTarPerm modes [ '775', '664' ]
254 silly gunzTarPerm modes [ '775', '664' ]
255 silly gunzTarPerm modes [ '775', '664' ]
256 silly gunzTarPerm modes [ '775', '664' ]
257 silly gunzTarPerm modes [ '775', '664' ]
258 silly gunzTarPerm modes [ '775', '664' ]
259 silly gunzTarPerm modes [ '775', '664' ]
260 silly gunzTarPerm extractEntry package.json
261 silly gunzTarPerm modified mode [ 'package.json', 420, 436 ]
262 silly gunzTarPerm extractEntry package.json
263 silly gunzTarPerm modified mode [ 'package.json', 420, 436 ]
264 silly gunzTarPerm extractEntry package.json
265 silly gunzTarPerm modified mode [ 'package.json', 438, 436 ]
266 silly gunzTarPerm extractEntry package.json
267 silly gunzTarPerm modified mode [ 'package.json', 420, 436 ]
268 silly gunzTarPerm extractEntry package.json
269 silly gunzTarPerm modified mode [ 'package.json', 420, 436 ]
270 silly gunzTarPerm extractEntry package.json
271 silly gunzTarPerm extractEntry package.json
272 silly gunzTarPerm modified mode [ 'package.json', 420, 436 ]
273 silly gunzTarPerm extractEntry README.md
274 silly gunzTarPerm modified mode [ 'README.md', 420, 436 ]
275 silly gunzTarPerm extractEntry index.js
276 silly gunzTarPerm modified mode [ 'index.js', 420, 436 ]
277 silly gunzTarPerm extractEntry .npmignore
278 silly gunzTarPerm modified mode [ '.npmignore', 420, 436 ]
279 silly gunzTarPerm extractEntry README.md
280 silly gunzTarPerm modified mode [ 'README.md', 420, 436 ]
281 silly gunzTarPerm extractEntry .npmignore
282 silly gunzTarPerm modified mode [ '.npmignore', 438, 436 ]
283 silly gunzTarPerm extractEntry README.md
284 silly gunzTarPerm modified mode [ 'README.md', 438, 436 ]
285 silly gunzTarPerm extractEntry .npmignore
286 silly gunzTarPerm modified mode [ '.npmignore', 420, 436 ]
287 silly gunzTarPerm extractEntry README.md
288 silly gunzTarPerm modified mode [ 'README.md', 420, 436 ]
289 silly gunzTarPerm extractEntry .npmignore
290 silly gunzTarPerm modified mode [ '.npmignore', 420, 436 ]
291 silly gunzTarPerm extractEntry README.md
292 silly gunzTarPerm modified mode [ 'README.md', 420, 436 ]
293 silly gunzTarPerm extractEntry index.js
294 silly gunzTarPerm extractEntry Changes.md
295 silly gunzTarPerm extractEntry .npmignore
296 silly gunzTarPerm modified mode [ '.npmignore', 420, 436 ]
297 silly gunzTarPerm extractEntry README.md
298 silly gunzTarPerm modified mode [ 'README.md', 420, 436 ]
299 silly gunzTarPerm extractEntry build/build.js
300 silly gunzTarPerm modified mode [ 'build/build.js', 420, 436 ]
301 silly gunzTarPerm extractEntry component.json
302 silly gunzTarPerm modified mode [ 'component.json', 420, 436 ]
303 silly gunzTarPerm extractEntry LICENSE
304 silly gunzTarPerm modified mode [ 'LICENSE', 420, 436 ]
305 silly gunzTarPerm extractEntry duplex.js
306 silly gunzTarPerm modified mode [ 'duplex.js', 420, 436 ]
307 silly gunzTarPerm extractEntry index.js
308 silly gunzTarPerm modified mode [ 'index.js', 438, 436 ]
309 silly gunzTarPerm extractEntry gulpfile.js
310 silly gunzTarPerm modified mode [ 'gulpfile.js', 438, 436 ]
311 silly gunzTarPerm extractEntry index.js
312 silly gunzTarPerm modified mode [ 'index.js', 420, 436 ]
313 silly gunzTarPerm extractEntry index.d.ts
314 silly gunzTarPerm modified mode [ 'index.d.ts', 420, 436 ]
315 silly gunzTarPerm extractEntry example.js
316 silly gunzTarPerm modified mode [ 'example.js', 420, 436 ]
317 silly gunzTarPerm extractEntry .eslintrc.js
318 silly gunzTarPerm modified mode [ '.eslintrc.js', 420, 436 ]
319 silly gunzTarPerm extractEntry examples/bot.js
320 silly gunzTarPerm modified mode [ 'examples/bot.js', 420, 436 ]
321 silly gunzTarPerm extractEntry License
322 silly gunzTarPerm extractEntry writable.js
323 silly gunzTarPerm modified mode [ 'writable.js', 420, 436 ]
324 silly gunzTarPerm extractEntry passthrough.js
325 silly gunzTarPerm modified mode [ 'passthrough.js', 420, 436 ]
326 silly gunzTarPerm extractEntry .travis.yml
327 silly gunzTarPerm modified mode [ '.travis.yml', 438, 436 ]
328 silly gunzTarPerm extractEntry fetch-tweets.coffee
329 silly gunzTarPerm modified mode [ 'fetch-tweets.coffee', 438, 436 ]
330 silly gunzTarPerm extractEntry LICENSE.md
331 silly gunzTarPerm modified mode [ 'LICENSE.md', 420, 436 ]
332 silly gunzTarPerm extractEntry CNAME
333 silly gunzTarPerm modified mode [ 'CNAME', 420, 436 ]
334 silly gunzTarPerm extractEntry examples/rtd2.js
335 silly gunzTarPerm modified mode [ 'examples/rtd2.js', 420, 436 ]
336 silly gunzTarPerm extractEntry lib/endpoints.js
337 silly gunzTarPerm modified mode [ 'lib/endpoints.js', 420, 436 ]
338 silly gunzTarPerm extractEntry lib/file_uploader.js
339 silly gunzTarPerm modified mode [ 'lib/file_uploader.js', 420, 436 ]
340 silly gunzTarPerm extractEntry Readme.md
341 silly gunzTarPerm extractEntry lib/Connection.js
342 silly gunzTarPerm extractEntry lib/ConnectionConfig.js
343 silly gunzTarPerm extractEntry lib/helpers.js
344 silly gunzTarPerm modified mode [ 'lib/helpers.js', 420, 436 ]
345 silly gunzTarPerm extractEntry lib/Pool.js
346 silly gunzTarPerm extractEntry readable.js
347 silly gunzTarPerm modified mode [ 'readable.js', 420, 436 ]
348 silly gunzTarPerm extractEntry transform.js
349 silly gunzTarPerm modified mode [ 'transform.js', 420, 436 ]
350 silly gunzTarPerm extractEntry lib/fetch-tweets.js
351 silly gunzTarPerm modified mode [ 'lib/fetch-tweets.js', 438, 436 ]
352 silly gunzTarPerm extractEntry lib/parser.js
353 silly gunzTarPerm modified mode [ 'lib/parser.js', 420, 436 ]
354 silly gunzTarPerm extractEntry lib/twitter.js
355 silly gunzTarPerm modified mode [ 'lib/twitter.js', 420, 436 ]
356 silly gunzTarPerm extractEntry .travis.yml
357 silly gunzTarPerm modified mode [ '.travis.yml', 420, 436 ]
358 silly gunzTarPerm extractEntry lib/parser.js
359 silly gunzTarPerm modified mode [ 'lib/parser.js', 420, 436 ]
360 silly gunzTarPerm extractEntry lib/settings.js
361 silly gunzTarPerm modified mode [ 'lib/settings.js', 420, 436 ]
362 silly gunzTarPerm extractEntry lib/PoolCluster.js
363 silly gunzTarPerm extractEntry lib/PoolConfig.js
364 silly gunzTarPerm extractEntry LICENSE.MD
365 silly gunzTarPerm modified mode [ 'LICENSE.MD', 438, 436 ]
366 silly gunzTarPerm extractEntry test/fake-data/search-tweets-fake-data1.js
367 silly gunzTarPerm modified mode [ 'test/fake-data/search-tweets-fake-data1.js', 438, 436 ]
368 silly gunzTarPerm extractEntry float.patch
369 silly gunzTarPerm modified mode [ 'float.patch', 420, 436 ]
370 silly gunzTarPerm extractEntry lib/_stream_duplex.js
371 silly gunzTarPerm modified mode [ 'lib/_stream_duplex.js', 420, 436 ]
372 silly gunzTarPerm extractEntry lib/_stream_passthrough.js
373 silly gunzTarPerm modified mode [ 'lib/_stream_passthrough.js', 420, 436 ]
374 silly gunzTarPerm extractEntry lib/_stream_readable.js
375 silly gunzTarPerm modified mode [ 'lib/_stream_readable.js', 420, 436 ]
376 silly gunzTarPerm extractEntry lib/_stream_transform.js
377 silly gunzTarPerm modified mode [ 'lib/_stream_transform.js', 420, 436 ]
378 silly gunzTarPerm extractEntry lib/_stream_writable.js
379 silly gunzTarPerm modified mode [ 'lib/_stream_writable.js', 420, 436 ]
380 silly gunzTarPerm extractEntry lib/streaming-api-connection.js
381 silly gunzTarPerm modified mode [ 'lib/streaming-api-connection.js', 420, 436 ]
382 silly gunzTarPerm extractEntry lib/twitter.js
383 silly gunzTarPerm modified mode [ 'lib/twitter.js', 420, 436 ]
384 silly gunzTarPerm extractEntry lib/PoolConnection.js
385 silly gunzTarPerm extractEntry lib/PoolNamespace.js
386 silly gunzTarPerm extractEntry lib/PoolSelector.js
387 silly gunzTarPerm extractEntry lib/protocol/Auth.js
388 silly gunzTarPerm extractEntry test/fake-data/search-tweets-fake-data2.js
389 silly gunzTarPerm modified mode [ 'test/fake-data/search-tweets-fake-data2.js', 438, 436 ]
390 silly gunzTarPerm extractEntry test/fake-data/search-tweets-fake-data3.js
391 silly gunzTarPerm modified mode [ 'test/fake-data/search-tweets-fake-data3.js', 438, 436 ]
392 silly gunzTarPerm extractEntry lib/protocol/PacketHeader.js
393 silly gunzTarPerm extractEntry lib/protocol/PacketWriter.js
394 silly gunzTarPerm extractEntry tests/helpers.js
395 silly gunzTarPerm modified mode [ 'tests/helpers.js', 420, 436 ]
396 silly gunzTarPerm extractEntry tests/multiple-conn.js
397 silly gunzTarPerm modified mode [ 'tests/multiple-conn.js', 420, 436 ]
398 silly gunzTarPerm extractEntry test/general.test.coffee
399 silly gunzTarPerm modified mode [ 'test/general.test.coffee', 438, 436 ]
400 silly gunzTarPerm extractEntry test/mocha.opts
401 silly gunzTarPerm modified mode [ 'test/mocha.opts', 438, 436 ]
402 silly gunzTarPerm extractEntry lib/protocol/Parser.js
403 silly gunzTarPerm extractEntry lib/protocol/BufferList.js
404 silly gentlyRm /home/moulli/node_modules/.staging/httprequest-c15b793a/node_modules is being purged
405 verbose gentlyRm don't care about contents; nuking /home/moulli/node_modules/.staging/httprequest-c15b793a/node_modules
406 silly gentlyRm /home/moulli/node_modules/.staging/isarray-1cd35eb9/node_modules is being purged
407 verbose gentlyRm don't care about contents; nuking /home/moulli/node_modules/.staging/isarray-1cd35eb9/node_modules
408 silly gunzTarPerm extractEntry tests/rest.js
409 silly gunzTarPerm modified mode [ 'tests/rest.js', 420, 436 ]
410 silly gunzTarPerm extractEntry tests/rest_app_only_auth.js
411 silly gunzTarPerm modified mode [ 'tests/rest_app_only_auth.js', 420, 436 ]
412 silly gunzTarPerm extractEntry test/search-tweets.test.coffee
413 silly gunzTarPerm modified mode [ 'test/search-tweets.test.coffee', 438, 436 ]
414 silly gunzTarPerm extractEntry lib/protocol/ResultSet.js
415 silly gunzTarPerm extractEntry lib/protocol/SqlString.js
416 silly gunzTarPerm extractEntry tests/user_stream.js
417 silly gunzTarPerm modified mode [ 'tests/user_stream.js', 420, 436 ]
418 silly gunzTarPerm extractEntry tests/streaming.js
419 silly gunzTarPerm modified mode [ 'tests/streaming.js', 420, 436 ]
420 silly gunzTarPerm extractEntry lib/protocol/Protocol.js
421 silly gunzTarPerm extractEntry lib/protocol/constants/charsets.js
422 silly gunzTarPerm extractEntry tests/test_helpers.js
423 silly gunzTarPerm modified mode [ 'tests/test_helpers.js', 420, 436 ]
424 silly gunzTarPerm extractEntry tests/twit.js
425 silly gunzTarPerm modified mode [ 'tests/twit.js', 420, 436 ]
426 silly gunzTarPerm extractEntry lib/protocol/constants/client.js
427 silly gunzTarPerm extractEntry lib/protocol/constants/errors.js
428 silly gunzTarPerm extractEntry tests/rest_chunked_upload.js
429 silly gunzTarPerm modified mode [ 'tests/rest_chunked_upload.js', 420, 436 ]
430 silly gunzTarPerm extractEntry tests/img/bigbird.jpg
431 silly gunzTarPerm modified mode [ 'tests/img/bigbird.jpg', 420, 436 ]
432 silly gunzTarPerm extractEntry tests/img/cutebird.png
433 silly gunzTarPerm modified mode [ 'tests/img/cutebird.png', 420, 436 ]
434 silly gunzTarPerm extractEntry tests/img/snoopy-animated.gif
435 silly gunzTarPerm modified mode [ 'tests/img/snoopy-animated.gif', 420, 436 ]
436 silly gunzTarPerm extractEntry lib/protocol/constants/field_flags.js
437 silly gunzTarPerm extractEntry lib/protocol/constants/server_status.js
438 silly gunzTarPerm extractEntry lib/protocol/constants/ssl_profiles.js
439 silly gentlyRm /home/moulli/node_modules/.staging/twitter-2f551e36/node_modules is being purged
440 verbose gentlyRm don't care about contents; nuking /home/moulli/node_modules/.staging/twitter-2f551e36/node_modules
441 silly gunzTarPerm extractEntry tests/img/twitterbird.gif
442 silly gunzTarPerm modified mode [ 'tests/img/twitterbird.gif', 420, 436 ]
443 silly gunzTarPerm extractEntry tests/video/station.mp4
444 silly gunzTarPerm modified mode [ 'tests/video/station.mp4', 420, 436 ]
445 silly gunzTarPerm extractEntry lib/protocol/constants/types.js
446 silly gunzTarPerm extractEntry lib/protocol/packets/ClientAuthenticationPacket.js
447 silly gunzTarPerm extractEntry lib/protocol/packets/EofPacket.js
448 silly gunzTarPerm extractEntry lib/protocol/packets/ErrorPacket.js
449 silly gunzTarPerm extractEntry lib/protocol/packets/Field.js
450 silly gunzTarPerm extractEntry lib/protocol/packets/EmptyPacket.js
451 silly gunzTarPerm extractEntry lib/protocol/packets/HandshakeInitializationPacket.js
452 silly gunzTarPerm extractEntry lib/protocol/packets/LocalDataFilePacket.js
453 silly gunzTarPerm extractEntry lib/protocol/packets/OkPacket.js
454 silly gentlyRm /home/moulli/node_modules/.staging/readable-stream-854178cb/node_modules is being purged
455 verbose gentlyRm don't care about contents; nuking /home/moulli/node_modules/.staging/readable-stream-854178cb/node_modules
456 silly gentlyRm /home/moulli/node_modules/.staging/fetch-tweets-fe9fe7bd/node_modules is being purged
457 verbose gentlyRm don't care about contents; nuking /home/moulli/node_modules/.staging/fetch-tweets-fe9fe7bd/node_modules
458 silly gunzTarPerm extractEntry lib/protocol/packets/OldPasswordPacket.js
459 silly gunzTarPerm extractEntry lib/protocol/packets/ResultSetHeaderPacket.js
460 silly gunzTarPerm extractEntry lib/protocol/packets/ComStatisticsPacket.js
461 silly gunzTarPerm extractEntry lib/protocol/packets/RowDataPacket.js
462 silly gunzTarPerm extractEntry lib/protocol/packets/ComQuitPacket.js
463 silly gunzTarPerm extractEntry lib/protocol/packets/SSLRequestPacket.js
464 silly gunzTarPerm extractEntry lib/protocol/packets/ComQueryPacket.js
465 silly gunzTarPerm extractEntry lib/protocol/packets/StatisticsPacket.js
466 silly gunzTarPerm extractEntry lib/protocol/packets/ComPingPacket.js
467 silly gunzTarPerm extractEntry lib/protocol/packets/UseOldPasswordPacket.js
468 silly gunzTarPerm extractEntry lib/protocol/packets/ComChangeUserPacket.js
469 silly gunzTarPerm extractEntry lib/protocol/packets/index.js
470 silly gunzTarPerm extractEntry lib/protocol/packets/FieldPacket.js
471 silly gunzTarPerm extractEntry lib/protocol/sequences/ChangeUser.js
472 silly gunzTarPerm extractEntry lib/protocol/sequences/Handshake.js
473 silly gunzTarPerm extractEntry lib/protocol/sequences/Ping.js
474 silly gunzTarPerm extractEntry lib/protocol/sequences/Query.js
475 silly gunzTarPerm extractEntry lib/protocol/sequences/Quit.js
476 silly gunzTarPerm extractEntry lib/protocol/sequences/Sequence.js
477 silly gunzTarPerm extractEntry lib/protocol/sequences/Statistics.js
478 silly gunzTarPerm extractEntry lib/protocol/sequences/index.js
479 silly gentlyRm /home/moulli/node_modules/.staging/twit-4d0921fc/node_modules is being purged
480 verbose gentlyRm don't care about contents; nuking /home/moulli/node_modules/.staging/twit-4d0921fc/node_modules
481 silly gentlyRm /home/moulli/node_modules/.staging/mysql-7c21e57d/node_modules is being purged
482 verbose gentlyRm don't care about contents; nuking /home/moulli/node_modules/.staging/mysql-7c21e57d/node_modules
483 silly doParallel preinstall 7
484 silly preinstall isarray@0.0.1 /home/moulli/node_modules/.staging/isarray-1cd35eb9
485 info lifecycle isarray@0.0.1~preinstall: isarray@0.0.1
486 silly preinstall readable-stream@1.1.14 /home/moulli/node_modules/.staging/readable-stream-854178cb
487 info lifecycle readable-stream@1.1.14~preinstall: readable-stream@1.1.14
488 silly preinstall fetch-tweets@0.1.7 /home/moulli/node_modules/.staging/fetch-tweets-fe9fe7bd
489 info lifecycle fetch-tweets@0.1.7~preinstall: fetch-tweets@0.1.7
490 silly preinstall httprequest@0.1.5 /home/moulli/node_modules/.staging/httprequest-c15b793a
491 info lifecycle httprequest@0.1.5~preinstall: httprequest@0.1.5
492 silly preinstall mysql@2.13.0 /home/moulli/node_modules/.staging/mysql-7c21e57d
493 info lifecycle mysql@2.13.0~preinstall: mysql@2.13.0
494 silly preinstall twit@2.2.5 /home/moulli/node_modules/.staging/twit-4d0921fc
495 info lifecycle twit@2.2.5~preinstall: twit@2.2.5
496 silly preinstall twitter@1.7.0 /home/moulli/node_modules/.staging/twitter-2f551e36
497 info lifecycle twitter@1.7.0~preinstall: twitter@1.7.0
498 silly lifecycle isarray@0.0.1~preinstall: no script for preinstall, continuing
499 silly lifecycle readable-stream@1.1.14~preinstall: no script for preinstall, continuing
500 silly lifecycle fetch-tweets@0.1.7~preinstall: no script for preinstall, continuing
501 silly lifecycle httprequest@0.1.5~preinstall: no script for preinstall, continuing
502 silly lifecycle mysql@2.13.0~preinstall: no script for preinstall, continuing
503 silly lifecycle twit@2.2.5~preinstall: no script for preinstall, continuing
504 silly lifecycle twitter@1.7.0~preinstall: no script for preinstall, continuing
505 silly doReverseSerial remove 0
506 silly doSerial move 0
507 silly doSerial finalize 7
508 silly finalize /home/moulli/node_modules/mysql/node_modules/isarray
509 silly finalize /home/moulli/node_modules/mysql/node_modules/readable-stream
510 silly finalize /home/moulli/node_modules/fetch-tweets
511 silly finalize /home/moulli/node_modules/httprequest
512 silly finalize /home/moulli/node_modules/mysql
513 verbose unlock done using /home/moulli/.npm/_locks/staging-fed866eb6d8b2d77.lock for /home/moulli/node_modules/.staging
514 silly rollbackFailedOptional Starting
515 silly rollbackFailedOptional Finishing
516 silly runTopLevelLifecycles Starting
517 silly runTopLevelLifecycles Finishing
518 silly install printInstalled
519 warn enoent ENOENT: no such file or directory, open '/home/moulli/package.json'
520 warn moulli No description
521 warn moulli No repository field.
522 warn moulli No README data
523 warn moulli No license field.
524 verbose stack Error: ENOTEMPTY: directory not empty, rename '/home/moulli/node_modules/mysql' -> '/home/moulli/node_modules/.mysql.DELETE'
524 verbose stack     at moveAway (/usr/share/npm/lib/install/action/finalize.js:38:5)
524 verbose stack     at destStatted (/usr/share/npm/lib/install/action/finalize.js:27:7)
524 verbose stack     at FSReqWrap.oncomplete (fs.js:82:15)
524 verbose stack
524 verbose stack Error: ENOTEMPTY: directory not empty, rename '/home/moulli/node_modules/mysql' -> '/home/moulli/node_modules/.mysql.DELETE'
524 verbose stack     at Error (native)
525 verbose cwd /home/moulli/Downloads/mysql
526 error Linux 4.4.0-64-generic
527 error argv "/usr/bin/nodejs" "/usr/bin/npm" "install" "mysqljs/mysql"
528 error node v4.2.6
529 error npm  v3.5.2
530 error path /home/moulli/node_modules/mysql
531 error code ENOTEMPTY
532 error errno -39
533 error syscall rename
534 error ENOTEMPTY: directory not empty, rename '/home/moulli/node_modules/mysql' -> '/home/moulli/node_modules/.mysql.DELETE'
535 error If you need help, you may report this error at:
535 error     <https://github.com/npm/npm/issues>
536 verbose exit [ -39, true ]
